[12:35:50.976] Global cache location 'C:/Users/raisa/AppData/Local/Microsoft/TypeScript/4.6', safe file path 'c:/users/raisa/appdata/roaming/npm/node_modules/typescript/lib/typingsafelist.json', types map path c:/users/raisa/appdata/roaming/npm/node_modules/typescript/lib/typesmap.json
[12:35:50.978] Processing cache location 'C:/Users/raisa/AppData/Local/Microsoft/TypeScript/4.6'
[12:35:50.978] Trying to find 'C:/Users/raisa/AppData/Local/Microsoft/TypeScript/4.6/package.json'...
[12:35:50.983] Loaded content of 'C:/Users/raisa/AppData/Local/Microsoft/TypeScript/4.6/package.json': {"private":true,"dependencies":{"types-registry":"^0.1.631"},"devDependencies":{"@types/asap":"^2.0.0","@types/babel__code-frame":"^7.0.3","@types/babel__core":"^7.1.19","@types/babel__generator":"^7.6.4","@types/babel__template":"^7.4.1","@types/babel__traverse":"^7.17.1","@types/balanced-match":"^1.0.2","@types/bcrypt":"^5.0.0","@types/bluebird":"^3.5.36","@types/body-parser":"^1.19.2","@types/brace-expansion":"^1.1.0","@types/bytes":"^3.1.1","@types/call-bind":"^1.0.0","@types/caniuse-lite":"^1.0.1","@types/chai":"^4.3.4","@types/chai-as-promised":"^7.1.5","@types/check-error":"^1.0.0","@types/co":"^4.6.3","@types/concat-map":"^0.0.1","@types/config":"^0.0.41","@types/content-disposition":"^0.5.5","@types/content-type":"^1.1.5","@types/cookie":"^0.5.1","@types/cookie-parser":"^1.4.3","@types/cookie-signature":"^1.0.4","@types/cors":"^2.8.13","@types/craco__craco":"^6.4.0","@types/d":"^1.0.1","@types/debug":"^4.1.7","@types/depd":"^1.1.32","@types/destroy":"^1.0.0","@types/detective":"^5.1.2","@types/dom-parser":"^0.1.1","@types/dot":"^1.1.5","@types/draft-convert":"^2.1.4","@types/draft-js":"^0.11.9","@types/draftjs-to-html":"^0.8.1","@types/editorjs__header":"^2.6.0","@types/ee-first":"^1.1.0","@types/encodeurl":"^1.0.0","@types/escape-html":"^1.0.2","@types/eslint":"^8.4.10","@types/etag":"^1.8.1","@types/express":"^4.17.17","@types/express-fileupload":"^1.4.1","@types/express-session":"^1.17.6","@types/finalhandler":"^1.1.1","@types/fluent":"^0.11.4","@types/fluent-ffmpeg":"^2.1.20","@types/forwarded":"^0.1.0","@types/fresh":"^0.5.0","@types/function-bind":"^1.1.6","@types/glob":"^7.2.0","@types/go":"^1.6.22","@types/has":"^1.0.0","@types/he":"^1.1.2","@types/html":"^1.0.1","@types/http-errors":"^1.8.2","@types/imagemin":"^8.0.1","@types/imagemin-jpegtran":"^5.0.1","@types/imagemin-mozjpeg":"^8.0.1","@types/imagemin-optipng":"^5.2.1","@types/imagemin-webp":"^7.0.0","@types/immediate":"^3.2.0","@types/inherits":"^0.0.30","@types/invariant":"^2.2.35","@types/isarray":"^2.0.0","@types/jade":"^0.0.31","@types/jsonwebtoken":"^9.0.1","@types/jws":"^3.2.4","@types/lodash":"^4.14.180","@types/lodash.foreach":"^4.5.7","@types/lodash.get":"^4.4.7","@types/lodash.includes":"^4.3.7","@types/lodash.isboolean":"^3.0.7","@types/lodash.isinteger":"^4.0.7","@types/lodash.isnumber":"^3.0.7","@types/lodash.isplainobject":"^4.0.7","@types/lodash.isstring":"^4.0.7","@types/lodash.once":"^4.1.7","@types/log":"^6.3.0","@types/media-typer":"^1.1.1","@types/merge-descriptors":"^1.0.1","@types/methods":"^1.1.1","@types/mime":"^2.0.3","@types/mime-db":"^1.43.1","@types/mime-types":"^2.1.1","@types/min-document":"^2.19.0","@types/minimatch":"^3.0.5","@types/mocha":"^10.0.1","@types/mongoose-paginate":"^5.0.12","@types/mongoose-unique-validator":"^1.0.6","@types/morgan":"^1.9.3","@types/mozjpeg":"^5.0.0","@types/ms":"^0.7.31","@types/node":"^17.0.21","@types/node-fetch":"^2.6.1","@types/nodemailer":"^6.4.7","@types/nopt":"^3.0.29","@types/npmlog":"^4.1.4","@types/object-assign":"^4.0.30","@types/on-finished":"^2.3.1","@types/once":"^1.4.0","@types/pako":"^2.0.0","@types/parseurl":"^1.3.1","@types/passport":"^1.0.11","@types/passport-jwt":"^3.0.8","@types/passport-local":"^1.0.35","@types/passport-strategy":"^0.2.35","@types/path-is-absolute":"^1.0.0","@types/pause":"^0.1.0","@types/pify":"^5.0.1","@types/prettier":"^2.6.1","@types/proxy-addr":"^2.0.0","@types/puppeteer":"^5.4.6","@types/q":"^1.5.5","@types/qs":"^6.9.7","@types/range-parser":"^1.2.4","@types/react":"^18.0.28","@types/react-burger-menu":"^2.8.3","@types/react-dom":"^18.0.10","@types/react-draft-wysiwyg":"^1.13.4","@types/react-redux":"^7.1.25","@types/react-responsive":"^8.0.5","@types/react-router-dom":"^5.3.3","@types/react-spinner":"^0.2.0","@types/read":"^0.0.29","@types/readable-stream":"^2.3.13","@types/regenerator-runtime":"^0.13.1","@types/replace-ext":"^2.0.0","@types/rimraf":"^3.0.2","@types/safer-buffer":"^2.1.0","@types/selenium-webdriver":"^4.1.0","@types/semver":"^7.3.9","@types/sequelize":"^4.28.13","@types/serve-static":"^1.13.10","@types/sqlite3":"^3.1.8","@types/statuses":"^2.0.0","@types/strict-uri-encode":"^2.0.0","@types/styled-components":"^5.1.26","@types/swag":"^0.6.29","@types/swagger-ui":"^3.52.0","@types/swagger-ui-dist":"^3.30.1","@types/tail":"^2.2.1","@types/tailwindcss":"^3.0.10","@types/testing-library__jest-dom":"^5.14.3","@types/tmp":"^0.2.3","@types/type-is":"^1.6.3","@types/util-deprecate":"^1.0.0","@types/utils-merge":"^0.0.28","@types/validator":"^13.7.10","@types/vary":"^1.1.0","@types/video-react":"^0.15.1","@types/video.js":"^7.3.40","@types/webpack":"^5.28.0","@types/ws":"^8.5.3","@types/xmldom":"^0.1.31","@types/youtube-player":"^5.5.6"}}
[12:35:50.984] Loaded content of 'C:/Users/raisa/AppData/Local/Microsoft/TypeScript/4.6/package-lock.json'
[12:35:50.998] Adding entry into typings cache: 'asap' => 'C:/Users/raisa/AppData/Local/Microsoft/TypeScript/4.6/node_modules/@types/asap/index.d.ts'
[12:35:51.003] Adding entry into typings cache: 'babel__code-frame' => 'C:/Users/raisa/AppData/Local/Microsoft/TypeScript/4.6/node_modules/@types/babel__code-frame/index.d.ts'
[12:35:51.007] Adding entry into typings cache: 'babel__core' => 'C:/Users/raisa/AppData/Local/Microsoft/TypeScript/4.6/node_modules/@types/babel__core/index.d.ts'
[12:35:51.010] Adding entry into typings cache: 'babel__generator' => 'C:/Users/raisa/AppData/Local/Microsoft/TypeScript/4.6/node_modules/@types/babel__generator/index.d.ts'
[12:35:51.013] Adding entry into typings cache: 'babel__template' => 'C:/Users/raisa/AppData/Local/Microsoft/TypeScript/4.6/node_modules/@types/babel__template/index.d.ts'
[12:35:51.017] Adding entry into typings cache: 'babel__traverse' => 'C:/Users/raisa/AppData/Local/Microsoft/TypeScript/4.6/node_modules/@types/babel__traverse/index.d.ts'
[12:35:51.020] Adding entry into typings cache: 'balanced-match' => 'C:/Users/raisa/AppData/Local/Microsoft/TypeScript/4.6/node_modules/@types/balanced-match/index.d.ts'
[12:35:51.023] Adding entry into typings cache: 'bcrypt' => 'C:/Users/raisa/AppData/Local/Microsoft/TypeScript/4.6/node_modules/@types/bcrypt/index.d.ts'
[12:35:51.026] Adding entry into typings cache: 'bluebird' => 'C:/Users/raisa/AppData/Local/Microsoft/TypeScript/4.6/node_modules/@types/bluebird/index.d.ts'
[12:35:51.029] Adding entry into typings cache: 'body-parser' => 'C:/Users/raisa/AppData/Local/Microsoft/TypeScript/4.6/node_modules/@types/body-parser/index.d.ts'
[12:35:51.032] Adding entry into typings cache: 'brace-expansion' => 'C:/Users/raisa/AppData/Local/Microsoft/TypeScript/4.6/node_modules/@types/brace-expansion/index.d.ts'
[12:35:51.034] Adding entry into typings cache: 'bytes' => 'C:/Users/raisa/AppData/Local/Microsoft/TypeScript/4.6/node_modules/@types/bytes/index.d.ts'
[12:35:51.039] Adding entry into typings cache: 'call-bind' => 'C:/Users/raisa/AppData/Local/Microsoft/TypeScript/4.6/node_modules/@types/call-bind/index.d.ts'
[12:35:51.045] Adding entry into typings cache: 'caniuse-lite' => 'C:/Users/raisa/AppData/Local/Microsoft/TypeScript/4.6/node_modules/@types/caniuse-lite/index.d.ts'
[12:35:51.048] Adding entry into typings cache: 'chai' => 'C:/Users/raisa/AppData/Local/Microsoft/TypeScript/4.6/node_modules/@types/chai/index.d.ts'
[12:35:51.050] Adding entry into typings cache: 'chai-as-promised' => 'C:/Users/raisa/AppData/Local/Microsoft/TypeScript/4.6/node_modules/@types/chai-as-promised/index.d.ts'
[12:35:51.053] Adding entry into typings cache: 'check-error' => 'C:/Users/raisa/AppData/Local/Microsoft/TypeScript/4.6/node_modules/@types/check-error/index.d.ts'
[12:35:51.055] Adding entry into typings cache: 'co' => 'C:/Users/raisa/AppData/Local/Microsoft/TypeScript/4.6/node_modules/@types/co/index.d.ts'
[12:35:51.058] Adding entry into typings cache: 'concat-map' => 'C:/Users/raisa/AppData/Local/Microsoft/TypeScript/4.6/node_modules/@types/concat-map/index.d.ts'
[12:35:51.060] Adding entry into typings cache: 'config' => 'C:/Users/raisa/AppData/Local/Microsoft/TypeScript/4.6/node_modules/@types/config/index.d.ts'
[12:35:51.063] Adding entry into typings cache: 'content-disposition' => 'C:/Users/raisa/AppData/Local/Microsoft/TypeScript/4.6/node_modules/@types/content-disposition/index.d.ts'
[12:35:51.065] Adding entry into typings cache: 'content-type' => 'C:/Users/raisa/AppData/Local/Microsoft/TypeScript/4.6/node_modules/@types/content-type/index.d.ts'
[12:35:51.068] Adding entry into typings cache: 'cookie' => 'C:/Users/raisa/AppData/Local/Microsoft/TypeScript/4.6/node_modules/@types/cookie/index.d.ts'
[12:35:51.070] Adding entry into typings cache: 'cookie-parser' => 'C:/Users/raisa/AppData/Local/Microsoft/TypeScript/4.6/node_modules/@types/cookie-parser/index.d.ts'
[12:35:51.072] Adding entry into typings cache: 'cookie-signature' => 'C:/Users/raisa/AppData/Local/Microsoft/TypeScript/4.6/node_modules/@types/cookie-signature/index.d.ts'
[12:35:51.074] Adding entry into typings cache: 'cors' => 'C:/Users/raisa/AppData/Local/Microsoft/TypeScript/4.6/node_modules/@types/cors/index.d.ts'
[12:35:51.077] Adding entry into typings cache: 'craco__craco' => 'C:/Users/raisa/AppData/Local/Microsoft/TypeScript/4.6/node_modules/@types/craco__craco/index.d.ts'
[12:35:51.079] Adding entry into typings cache: 'd' => 'C:/Users/raisa/AppData/Local/Microsoft/TypeScript/4.6/node_modules/@types/d/index.d.ts'
[12:35:51.084] Adding entry into typings cache: 'debug' => 'C:/Users/raisa/AppData/Local/Microsoft/TypeScript/4.6/node_modules/@types/debug/index.d.ts'
[12:35:51.086] Adding entry into typings cache: 'depd' => 'C:/Users/raisa/AppData/Local/Microsoft/TypeScript/4.6/node_modules/@types/depd/index.d.ts'
[12:35:51.087] Adding entry into typings cache: 'destroy' => 'C:/Users/raisa/AppData/Local/Microsoft/TypeScript/4.6/node_modules/@types/destroy/index.d.ts'
[12:35:51.089] Adding entry into typings cache: 'detective' => 'C:/Users/raisa/AppData/Local/Microsoft/TypeScript/4.6/node_modules/@types/detective/index.d.ts'
[12:35:51.091] Adding entry into typings cache: 'dom-parser' => 'C:/Users/raisa/AppData/Local/Microsoft/TypeScript/4.6/node_modules/@types/dom-parser/index.d.ts'
[12:35:51.093] Adding entry into typings cache: 'dot' => 'C:/Users/raisa/AppData/Local/Microsoft/TypeScript/4.6/node_modules/@types/dot/index.d.ts'
[12:35:51.095] Adding entry into typings cache: 'draft-convert' => 'C:/Users/raisa/AppData/Local/Microsoft/TypeScript/4.6/node_modules/@types/draft-convert/index.d.ts'
[12:35:51.097] Adding entry into typings cache: 'draft-js' => 'C:/Users/raisa/AppData/Local/Microsoft/TypeScript/4.6/node_modules/@types/draft-js/index.d.ts'
[12:35:51.100] Adding entry into typings cache: 'draftjs-to-html' => 'C:/Users/raisa/AppData/Local/Microsoft/TypeScript/4.6/node_modules/@types/draftjs-to-html/index.d.ts'
[12:35:51.102] Adding entry into typings cache: 'editorjs__header' => 'C:/Users/raisa/AppData/Local/Microsoft/TypeScript/4.6/node_modules/@types/editorjs__header/index.d.ts'
[12:35:51.104] Adding entry into typings cache: 'ee-first' => 'C:/Users/raisa/AppData/Local/Microsoft/TypeScript/4.6/node_modules/@types/ee-first/index.d.ts'
[12:35:51.107] Adding entry into typings cache: 'encodeurl' => 'C:/Users/raisa/AppData/Local/Microsoft/TypeScript/4.6/node_modules/@types/encodeurl/index.d.ts'
[12:35:51.109] Adding entry into typings cache: 'escape-html' => 'C:/Users/raisa/AppData/Local/Microsoft/TypeScript/4.6/node_modules/@types/escape-html/index.d.ts'
[12:35:51.114] Adding entry into typings cache: 'eslint' => 'C:/Users/raisa/AppData/Local/Microsoft/TypeScript/4.6/node_modules/@types/eslint/index.d.ts'
[12:35:51.116] Adding entry into typings cache: 'etag' => 'C:/Users/raisa/AppData/Local/Microsoft/TypeScript/4.6/node_modules/@types/etag/index.d.ts'
[12:35:51.118] Adding entry into typings cache: 'express' => 'C:/Users/raisa/AppData/Local/Microsoft/TypeScript/4.6/node_modules/@types/express/index.d.ts'
[12:35:51.120] Adding entry into typings cache: 'express-fileupload' => 'C:/Users/raisa/AppData/Local/Microsoft/TypeScript/4.6/node_modules/@types/express-fileupload/index.d.ts'
[12:35:51.124] Adding entry into typings cache: 'express-session' => 'C:/Users/raisa/AppData/Local/Microsoft/TypeScript/4.6/node_modules/@types/express-session/index.d.ts'
[12:35:51.127] Adding entry into typings cache: 'finalhandler' => 'C:/Users/raisa/AppData/Local/Microsoft/TypeScript/4.6/node_modules/@types/finalhandler/index.d.ts'
[12:35:51.129] Adding entry into typings cache: 'fluent' => 'C:/Users/raisa/AppData/Local/Microsoft/TypeScript/4.6/node_modules/@types/fluent/index.d.ts'
[12:35:51.132] Adding entry into typings cache: 'fluent-ffmpeg' => 'C:/Users/raisa/AppData/Local/Microsoft/TypeScript/4.6/node_modules/@types/fluent-ffmpeg/index.d.ts'
[12:35:51.134] Adding entry into typings cache: 'forwarded' => 'C:/Users/raisa/AppData/Local/Microsoft/TypeScript/4.6/node_modules/@types/forwarded/index.d.ts'
[12:35:51.136] Adding entry into typings cache: 'fresh' => 'C:/Users/raisa/AppData/Local/Microsoft/TypeScript/4.6/node_modules/@types/fresh/index.d.ts'
[12:35:51.139] Adding entry into typings cache: 'function-bind' => 'C:/Users/raisa/AppData/Local/Microsoft/TypeScript/4.6/node_modules/@types/function-bind/index.d.ts'
[12:35:51.141] Adding entry into typings cache: 'glob' => 'C:/Users/raisa/AppData/Local/Microsoft/TypeScript/4.6/node_modules/@types/glob/index.d.ts'
[12:35:51.143] Adding entry into typings cache: 'go' => 'C:/Users/raisa/AppData/Local/Microsoft/TypeScript/4.6/node_modules/@types/go/index.d.ts'
[12:35:51.146] Adding entry into typings cache: 'has' => 'C:/Users/raisa/AppData/Local/Microsoft/TypeScript/4.6/node_modules/@types/has/index.d.ts'
[12:35:51.149] Adding entry into typings cache: 'he' => 'C:/Users/raisa/AppData/Local/Microsoft/TypeScript/4.6/node_modules/@types/he/index.d.ts'
[12:35:51.151] Adding entry into typings cache: 'html' => 'C:/Users/raisa/AppData/Local/Microsoft/TypeScript/4.6/node_modules/@types/html/index.d.ts'
[12:35:51.153] Adding entry into typings cache: 'http-errors' => 'C:/Users/raisa/AppData/Local/Microsoft/TypeScript/4.6/node_modules/@types/http-errors/index.d.ts'
[12:35:51.156] Adding entry into typings cache: 'imagemin' => 'C:/Users/raisa/AppData/Local/Microsoft/TypeScript/4.6/node_modules/@types/imagemin/index.d.ts'
[12:35:51.160] Adding entry into typings cache: 'imagemin-jpegtran' => 'C:/Users/raisa/AppData/Local/Microsoft/TypeScript/4.6/node_modules/@types/imagemin-jpegtran/index.d.ts'
[12:35:51.162] Adding entry into typings cache: 'imagemin-mozjpeg' => 'C:/Users/raisa/AppData/Local/Microsoft/TypeScript/4.6/node_modules/@types/imagemin-mozjpeg/index.d.ts'
[12:35:51.164] Adding entry into typings cache: 'imagemin-optipng' => 'C:/Users/raisa/AppData/Local/Microsoft/TypeScript/4.6/node_modules/@types/imagemin-optipng/index.d.ts'
[12:35:51.166] Adding entry into typings cache: 'imagemin-webp' => 'C:/Users/raisa/AppData/Local/Microsoft/TypeScript/4.6/node_modules/@types/imagemin-webp/index.d.ts'
[12:35:51.169] Adding entry into typings cache: 'immediate' => 'C:/Users/raisa/AppData/Local/Microsoft/TypeScript/4.6/node_modules/@types/immediate/index.d.ts'
[12:35:51.171] Adding entry into typings cache: 'inherits' => 'C:/Users/raisa/AppData/Local/Microsoft/TypeScript/4.6/node_modules/@types/inherits/index.d.ts'
[12:35:51.176] Adding entry into typings cache: 'invariant' => 'C:/Users/raisa/AppData/Local/Microsoft/TypeScript/4.6/node_modules/@types/invariant/index.d.ts'
[12:35:51.178] Adding entry into typings cache: 'isarray' => 'C:/Users/raisa/AppData/Local/Microsoft/TypeScript/4.6/node_modules/@types/isarray/index.d.ts'
[12:35:51.180] Adding entry into typings cache: 'jade' => 'C:/Users/raisa/AppData/Local/Microsoft/TypeScript/4.6/node_modules/@types/jade/index.d.ts'
[12:35:51.183] Adding entry into typings cache: 'jsonwebtoken' => 'C:/Users/raisa/AppData/Local/Microsoft/TypeScript/4.6/node_modules/@types/jsonwebtoken/index.d.ts'
[12:35:51.186] Adding entry into typings cache: 'jws' => 'C:/Users/raisa/AppData/Local/Microsoft/TypeScript/4.6/node_modules/@types/jws/index.d.ts'
[12:35:51.191] Adding entry into typings cache: 'lodash' => 'C:/Users/raisa/AppData/Local/Microsoft/TypeScript/4.6/node_modules/@types/lodash/index.d.ts'
[12:35:51.194] Adding entry into typings cache: 'lodash.foreach' => 'C:/Users/raisa/AppData/Local/Microsoft/TypeScript/4.6/node_modules/@types/lodash.foreach/index.d.ts'
[12:35:51.196] Adding entry into typings cache: 'lodash.get' => 'C:/Users/raisa/AppData/Local/Microsoft/TypeScript/4.6/node_modules/@types/lodash.get/index.d.ts'
[12:35:51.199] Adding entry into typings cache: 'lodash.includes' => 'C:/Users/raisa/AppData/Local/Microsoft/TypeScript/4.6/node_modules/@types/lodash.includes/index.d.ts'
[12:35:51.201] Adding entry into typings cache: 'lodash.isboolean' => 'C:/Users/raisa/AppData/Local/Microsoft/TypeScript/4.6/node_modules/@types/lodash.isboolean/index.d.ts'
[12:35:51.204] Adding entry into typings cache: 'lodash.isinteger' => 'C:/Users/raisa/AppData/Local/Microsoft/TypeScript/4.6/node_modules/@types/lodash.isinteger/index.d.ts'
[12:35:51.207] Adding entry into typings cache: 'lodash.isnumber' => 'C:/Users/raisa/AppData/Local/Microsoft/TypeScript/4.6/node_modules/@types/lodash.isnumber/index.d.ts'
[12:35:51.210] Adding entry into typings cache: 'lodash.isplainobject' => 'C:/Users/raisa/AppData/Local/Microsoft/TypeScript/4.6/node_modules/@types/lodash.isplainobject/index.d.ts'
[12:35:51.212] Adding entry into typings cache: 'lodash.isstring' => 'C:/Users/raisa/AppData/Local/Microsoft/TypeScript/4.6/node_modules/@types/lodash.isstring/index.d.ts'
[12:35:51.216] Adding entry into typings cache: 'lodash.once' => 'C:/Users/raisa/AppData/Local/Microsoft/TypeScript/4.6/node_modules/@types/lodash.once/index.d.ts'
[12:35:51.219] Adding entry into typings cache: 'log' => 'C:/Users/raisa/AppData/Local/Microsoft/TypeScript/4.6/node_modules/@types/log/index.d.ts'
[12:35:51.223] Adding entry into typings cache: 'media-typer' => 'C:/Users/raisa/AppData/Local/Microsoft/TypeScript/4.6/node_modules/@types/media-typer/index.d.ts'
[12:35:51.226] Adding entry into typings cache: 'merge-descriptors' => 'C:/Users/raisa/AppData/Local/Microsoft/TypeScript/4.6/node_modules/@types/merge-descriptors/index.d.ts'
[12:35:51.227] Adding entry into typings cache: 'methods' => 'C:/Users/raisa/AppData/Local/Microsoft/TypeScript/4.6/node_modules/@types/methods/index.d.ts'
[12:35:51.230] Adding entry into typings cache: 'mime' => 'C:/Users/raisa/AppData/Local/Microsoft/TypeScript/4.6/node_modules/@types/mime/index.d.ts'
[12:35:51.234] Adding entry into typings cache: 'mime-db' => 'C:/Users/raisa/AppData/Local/Microsoft/TypeScript/4.6/node_modules/@types/mime-db/index.d.ts'
[12:35:51.238] Adding entry into typings cache: 'mime-types' => 'C:/Users/raisa/AppData/Local/Microsoft/TypeScript/4.6/node_modules/@types/mime-types/index.d.ts'
[12:35:51.241] Adding entry into typings cache: 'min-document' => 'C:/Users/raisa/AppData/Local/Microsoft/TypeScript/4.6/node_modules/@types/min-document/index.d.ts'
[12:35:51.243] Adding entry into typings cache: 'minimatch' => 'C:/Users/raisa/AppData/Local/Microsoft/TypeScript/4.6/node_modules/@types/minimatch/index.d.ts'
[12:35:51.245] Adding entry into typings cache: 'mocha' => 'C:/Users/raisa/AppData/Local/Microsoft/TypeScript/4.6/node_modules/@types/mocha/index.d.ts'
[12:35:51.248] Adding entry into typings cache: 'mongoose-paginate' => 'C:/Users/raisa/AppData/Local/Microsoft/TypeScript/4.6/node_modules/@types/mongoose-paginate/index.d.ts'
[12:35:51.250] Adding entry into typings cache: 'mongoose-unique-validator' => 'C:/Users/raisa/AppData/Local/Microsoft/TypeScript/4.6/node_modules/@types/mongoose-unique-validator/index.d.ts'
[12:35:51.252] Adding entry into typings cache: 'morgan' => 'C:/Users/raisa/AppData/Local/Microsoft/TypeScript/4.6/node_modules/@types/morgan/index.d.ts'
[12:35:51.254] Adding entry into typings cache: 'mozjpeg' => 'C:/Users/raisa/AppData/Local/Microsoft/TypeScript/4.6/node_modules/@types/mozjpeg/index.d.ts'
[12:35:51.258] Adding entry into typings cache: 'ms' => 'C:/Users/raisa/AppData/Local/Microsoft/TypeScript/4.6/node_modules/@types/ms/index.d.ts'
[12:35:51.261] Adding entry into typings cache: 'node' => 'C:/Users/raisa/AppData/Local/Microsoft/TypeScript/4.6/node_modules/@types/node/index.d.ts'
[12:35:51.264] Adding entry into typings cache: 'node-fetch' => 'C:/Users/raisa/AppData/Local/Microsoft/TypeScript/4.6/node_modules/@types/node-fetch/index.d.ts'
[12:35:51.265] Adding entry into typings cache: 'nodemailer' => 'C:/Users/raisa/AppData/Local/Microsoft/TypeScript/4.6/node_modules/@types/nodemailer/index.d.ts'
[12:35:51.267] Adding entry into typings cache: 'nopt' => 'C:/Users/raisa/AppData/Local/Microsoft/TypeScript/4.6/node_modules/@types/nopt/index.d.ts'
[12:35:51.269] Adding entry into typings cache: 'npmlog' => 'C:/Users/raisa/AppData/Local/Microsoft/TypeScript/4.6/node_modules/@types/npmlog/index.d.ts'
[12:35:51.271] Adding entry into typings cache: 'object-assign' => 'C:/Users/raisa/AppData/Local/Microsoft/TypeScript/4.6/node_modules/@types/object-assign/index.d.ts'
[12:35:51.273] Adding entry into typings cache: 'on-finished' => 'C:/Users/raisa/AppData/Local/Microsoft/TypeScript/4.6/node_modules/@types/on-finished/index.d.ts'
[12:35:51.275] Adding entry into typings cache: 'once' => 'C:/Users/raisa/AppData/Local/Microsoft/TypeScript/4.6/node_modules/@types/once/index.d.ts'
[12:35:51.277] Adding entry into typings cache: 'pako' => 'C:/Users/raisa/AppData/Local/Microsoft/TypeScript/4.6/node_modules/@types/pako/index.d.ts'
[12:35:51.279] Adding entry into typings cache: 'parseurl' => 'C:/Users/raisa/AppData/Local/Microsoft/TypeScript/4.6/node_modules/@types/parseurl/index.d.ts'
[12:35:51.282] Adding entry into typings cache: 'passport' => 'C:/Users/raisa/AppData/Local/Microsoft/TypeScript/4.6/node_modules/@types/passport/index.d.ts'
[12:35:51.285] Adding entry into typings cache: 'passport-jwt' => 'C:/Users/raisa/AppData/Local/Microsoft/TypeScript/4.6/node_modules/@types/passport-jwt/index.d.ts'
[12:35:51.289] Adding entry into typings cache: 'passport-local' => 'C:/Users/raisa/AppData/Local/Microsoft/TypeScript/4.6/node_modules/@types/passport-local/index.d.ts'
[12:35:51.293] Adding entry into typings cache: 'passport-strategy' => 'C:/Users/raisa/AppData/Local/Microsoft/TypeScript/4.6/node_modules/@types/passport-strategy/index.d.ts'
[12:35:51.296] Adding entry into typings cache: 'path-is-absolute' => 'C:/Users/raisa/AppData/Local/Microsoft/TypeScript/4.6/node_modules/@types/path-is-absolute/index.d.ts'
[12:35:51.298] Adding entry into typings cache: 'pause' => 'C:/Users/raisa/AppData/Local/Microsoft/TypeScript/4.6/node_modules/@types/pause/index.d.ts'
[12:35:51.300] Adding entry into typings cache: 'pify' => 'C:/Users/raisa/AppData/Local/Microsoft/TypeScript/4.6/node_modules/@types/pify/index.d.ts'
[12:35:51.302] Adding entry into typings cache: 'prettier' => 'C:/Users/raisa/AppData/Local/Microsoft/TypeScript/4.6/node_modules/@types/prettier/index.d.ts'
[12:35:51.304] Adding entry into typings cache: 'proxy-addr' => 'C:/Users/raisa/AppData/Local/Microsoft/TypeScript/4.6/node_modules/@types/proxy-addr/index.d.ts'
[12:35:51.307] Adding entry into typings cache: 'puppeteer' => 'C:/Users/raisa/AppData/Local/Microsoft/TypeScript/4.6/node_modules/@types/puppeteer/index.d.ts'
[12:35:51.310] Adding entry into typings cache: 'q' => 'C:/Users/raisa/AppData/Local/Microsoft/TypeScript/4.6/node_modules/@types/q/index.d.ts'
[12:35:51.311] Adding entry into typings cache: 'qs' => 'C:/Users/raisa/AppData/Local/Microsoft/TypeScript/4.6/node_modules/@types/qs/index.d.ts'
[12:35:51.313] Adding entry into typings cache: 'range-parser' => 'C:/Users/raisa/AppData/Local/Microsoft/TypeScript/4.6/node_modules/@types/range-parser/index.d.ts'
[12:35:51.318] Adding entry into typings cache: 'react' => 'C:/Users/raisa/AppData/Local/Microsoft/TypeScript/4.6/node_modules/@types/react/index.d.ts'
[12:35:51.320] Adding entry into typings cache: 'react-burger-menu' => 'C:/Users/raisa/AppData/Local/Microsoft/TypeScript/4.6/node_modules/@types/react-burger-menu/index.d.ts'
[12:35:51.323] Adding entry into typings cache: 'react-dom' => 'C:/Users/raisa/AppData/Local/Microsoft/TypeScript/4.6/node_modules/@types/react-dom/index.d.ts'
[12:35:51.325] Adding entry into typings cache: 'react-draft-wysiwyg' => 'C:/Users/raisa/AppData/Local/Microsoft/TypeScript/4.6/node_modules/@types/react-draft-wysiwyg/index.d.ts'
[12:35:51.328] Adding entry into typings cache: 'react-redux' => 'C:/Users/raisa/AppData/Local/Microsoft/TypeScript/4.6/node_modules/@types/react-redux/index.d.ts'
[12:35:51.330] Adding entry into typings cache: 'react-responsive' => 'C:/Users/raisa/AppData/Local/Microsoft/TypeScript/4.6/node_modules/@types/react-responsive/index.d.ts'
[12:35:51.331] Adding entry into typings cache: 'react-router-dom' => 'C:/Users/raisa/AppData/Local/Microsoft/TypeScript/4.6/node_modules/@types/react-router-dom/index.d.ts'
[12:35:51.333] Adding entry into typings cache: 'react-spinner' => 'C:/Users/raisa/AppData/Local/Microsoft/TypeScript/4.6/node_modules/@types/react-spinner/index.d.ts'
[12:35:51.335] Adding entry into typings cache: 'read' => 'C:/Users/raisa/AppData/Local/Microsoft/TypeScript/4.6/node_modules/@types/read/index.d.ts'
[12:35:51.338] Adding entry into typings cache: 'readable-stream' => 'C:/Users/raisa/AppData/Local/Microsoft/TypeScript/4.6/node_modules/@types/readable-stream/index.d.ts'
[12:35:51.341] Adding entry into typings cache: 'regenerator-runtime' => 'C:/Users/raisa/AppData/Local/Microsoft/TypeScript/4.6/node_modules/@types/regenerator-runtime/index.d.ts'
[12:35:51.343] Adding entry into typings cache: 'replace-ext' => 'C:/Users/raisa/AppData/Local/Microsoft/TypeScript/4.6/node_modules/@types/replace-ext/index.d.ts'
[12:35:51.344] Adding entry into typings cache: 'rimraf' => 'C:/Users/raisa/AppData/Local/Microsoft/TypeScript/4.6/node_modules/@types/rimraf/index.d.ts'
[12:35:51.347] Adding entry into typings cache: 'safer-buffer' => 'C:/Users/raisa/AppData/Local/Microsoft/TypeScript/4.6/node_modules/@types/safer-buffer/index.d.ts'
[12:35:51.350] Adding entry into typings cache: 'selenium-webdriver' => 'C:/Users/raisa/AppData/Local/Microsoft/TypeScript/4.6/node_modules/@types/selenium-webdriver/index.d.ts'
[12:35:51.352] Adding entry into typings cache: 'semver' => 'C:/Users/raisa/AppData/Local/Microsoft/TypeScript/4.6/node_modules/@types/semver/index.d.ts'
[12:35:51.354] Adding entry into typings cache: 'sequelize' => 'C:/Users/raisa/AppData/Local/Microsoft/TypeScript/4.6/node_modules/@types/sequelize/index.d.ts'
[12:35:51.356] Adding entry into typings cache: 'serve-static' => 'C:/Users/raisa/AppData/Local/Microsoft/TypeScript/4.6/node_modules/@types/serve-static/index.d.ts'
[12:35:51.357] Adding entry into typings cache: 'sqlite3' => 'C:/Users/raisa/AppData/Local/Microsoft/TypeScript/4.6/node_modules/@types/sqlite3/index.d.ts'
[12:35:51.359] Adding entry into typings cache: 'statuses' => 'C:/Users/raisa/AppData/Local/Microsoft/TypeScript/4.6/node_modules/@types/statuses/index.d.ts'
[12:35:51.361] Adding entry into typings cache: 'strict-uri-encode' => 'C:/Users/raisa/AppData/Local/Microsoft/TypeScript/4.6/node_modules/@types/strict-uri-encode/index.d.ts'
[12:35:51.363] Adding entry into typings cache: 'styled-components' => 'C:/Users/raisa/AppData/Local/Microsoft/TypeScript/4.6/node_modules/@types/styled-components/index.d.ts'
[12:35:51.364] Adding entry into typings cache: 'swag' => 'C:/Users/raisa/AppData/Local/Microsoft/TypeScript/4.6/node_modules/@types/swag/index.d.ts'
[12:35:51.366] Adding entry into typings cache: 'swagger-ui' => 'C:/Users/raisa/AppData/Local/Microsoft/TypeScript/4.6/node_modules/@types/swagger-ui/index.d.ts'
[12:35:51.368] Adding entry into typings cache: 'swagger-ui-dist' => 'C:/Users/raisa/AppData/Local/Microsoft/TypeScript/4.6/node_modules/@types/swagger-ui-dist/index.d.ts'
[12:35:51.369] Adding entry into typings cache: 'tail' => 'C:/Users/raisa/AppData/Local/Microsoft/TypeScript/4.6/node_modules/@types/tail/index.d.ts'
[12:35:51.370] Adding entry into typings cache: 'tailwindcss' => 'C:/Users/raisa/AppData/Local/Microsoft/TypeScript/4.6/node_modules/@types/tailwindcss/index.d.ts'
[12:35:51.372] Adding entry into typings cache: 'testing-library__jest-dom' => 'C:/Users/raisa/AppData/Local/Microsoft/TypeScript/4.6/node_modules/@types/testing-library__jest-dom/index.d.ts'
[12:35:51.374] Adding entry into typings cache: 'tmp' => 'C:/Users/raisa/AppData/Local/Microsoft/TypeScript/4.6/node_modules/@types/tmp/index.d.ts'
[12:35:51.376] Adding entry into typings cache: 'type-is' => 'C:/Users/raisa/AppData/Local/Microsoft/TypeScript/4.6/node_modules/@types/type-is/index.d.ts'
[12:35:51.378] Adding entry into typings cache: 'util-deprecate' => 'C:/Users/raisa/AppData/Local/Microsoft/TypeScript/4.6/node_modules/@types/util-deprecate/index.d.ts'
[12:35:51.379] Adding entry into typings cache: 'utils-merge' => 'C:/Users/raisa/AppData/Local/Microsoft/TypeScript/4.6/node_modules/@types/utils-merge/index.d.ts'
[12:35:51.380] Adding entry into typings cache: 'validator' => 'C:/Users/raisa/AppData/Local/Microsoft/TypeScript/4.6/node_modules/@types/validator/index.d.ts'
[12:35:51.382] Adding entry into typings cache: 'vary' => 'C:/Users/raisa/AppData/Local/Microsoft/TypeScript/4.6/node_modules/@types/vary/index.d.ts'
[12:35:51.383] Adding entry into typings cache: 'video-react' => 'C:/Users/raisa/AppData/Local/Microsoft/TypeScript/4.6/node_modules/@types/video-react/index.d.ts'
[12:35:51.385] Adding entry into typings cache: 'video.js' => 'C:/Users/raisa/AppData/Local/Microsoft/TypeScript/4.6/node_modules/@types/video.js/index.d.ts'
[12:35:51.389] Adding entry into typings cache: 'webpack' => 'C:/Users/raisa/AppData/Local/Microsoft/TypeScript/4.6/node_modules/webpack/types.d.ts'
[12:35:51.391] Adding entry into typings cache: 'ws' => 'C:/Users/raisa/AppData/Local/Microsoft/TypeScript/4.6/node_modules/@types/ws/index.d.ts'
[12:35:51.394] Adding entry into typings cache: 'xmldom' => 'C:/Users/raisa/AppData/Local/Microsoft/TypeScript/4.6/node_modules/@types/xmldom/index.d.ts'
[12:35:51.396] Adding entry into typings cache: 'youtube-player' => 'C:/Users/raisa/AppData/Local/Microsoft/TypeScript/4.6/node_modules/@types/youtube-player/index.d.ts'
[12:35:51.396] Finished processing cache location 'C:/Users/raisa/AppData/Local/Microsoft/TypeScript/4.6'
[12:35:51.396] Process id: 5924
[12:35:51.396] NPM location: "C:\Program Files\nodejs\npm" (explicit '--npmLocation' not  provided)
[12:35:51.397] validateDefaultNpmLocation: false
[12:35:51.397] Npm config file: C:/Users/raisa/AppData/Local/Microsoft/TypeScript/4.6/package.json
[12:35:51.397] Updating types-registry npm package...
[12:35:51.397] Exec: "C:\Program Files\nodejs\npm" install --ignore-scripts types-registry@latest
[12:35:56.036]     Succeeded. stdout:
    
    up to date, audited 346 packages in 3s

20 packages are looking for funding
  run `npm fund` for details

2 high severity vulnerabilities

To address all issues, run:
  npm audit fix

Run `npm audit` for details.

[12:35:56.037] Updated types-registry npm package
[12:35:56.086] Got install request {"projectName":"c:/Interview/The Big Phone Store/todo/jsconfig.json","fileNames":["c:/Users/raisa/AppData/Roaming/npm/node_modules/typescript/lib/lib.es5.d.ts","c:/Users/raisa/AppData/Roaming/npm/node_modules/typescript/lib/lib.es2015.d.ts","c:/Users/raisa/AppData/Roaming/npm/node_modules/typescript/lib/lib.es2016.d.ts","c:/Users/raisa/AppData/Roaming/npm/node_modules/typescript/lib/lib.es2017.d.ts","c:/Users/raisa/AppData/Roaming/npm/node_modules/typescript/lib/lib.es2018.d.ts","c:/Users/raisa/AppData/Roaming/npm/node_modules/typescript/lib/lib.es2019.d.ts","c:/Users/raisa/AppData/Roaming/npm/node_modules/typescript/lib/lib.es2020.d.ts","c:/Users/raisa/AppData/Roaming/npm/node_modules/typescript/lib/lib.es2021.d.ts","c:/Users/raisa/AppData/Roaming/npm/node_modules/typescript/lib/lib.es2022.d.ts","c:/Users/raisa/AppData/Roaming/npm/node_modules/typescript/lib/lib.esnext.d.ts","c:/Users/raisa/AppData/Roaming/npm/node_modules/typescript/lib/lib.dom.d.ts","c:/Users/raisa/AppData/Roaming/npm/node_modules/typescript/lib/lib.dom.iterable.d.ts","c:/Users/raisa/AppData/Roaming/npm/node_modules/typescript/lib/lib.scripthost.d.ts","c:/Users/raisa/AppData/Roaming/npm/node_modules/typescript/lib/lib.es2015.core.d.ts","c:/Users/raisa/AppData/Roaming/npm/node_modules/typescript/lib/lib.es2015.collection.d.ts","c:/Users/raisa/AppData/Roaming/npm/node_modules/typescript/lib/lib.es2015.generator.d.ts","c:/Users/raisa/AppData/Roaming/npm/node_modules/typescript/lib/lib.es2015.iterable.d.ts","c:/Users/raisa/AppData/Roaming/npm/node_modules/typescript/lib/lib.es2015.promise.d.ts","c:/Users/raisa/AppData/Roaming/npm/node_modules/typescript/lib/lib.es2015.proxy.d.ts","c:/Users/raisa/AppData/Roaming/npm/node_modules/typescript/lib/lib.es2015.reflect.d.ts","c:/Users/raisa/AppData/Roaming/npm/node_modules/typescript/lib/lib.es2015.symbol.d.ts","c:/Users/raisa/AppData/Roaming/npm/node_modules/typescript/lib/lib.es2015.symbol.wellknown.d.ts","c:/Users/raisa/AppData/Roaming/npm/node_modules/typescript/lib/lib.es2016.array.include.d.ts","c:/Users/raisa/AppData/Roaming/npm/node_modules/typescript/lib/lib.es2017.object.d.ts","c:/Users/raisa/AppData/Roaming/npm/node_modules/typescript/lib/lib.es2017.sharedmemory.d.ts","c:/Users/raisa/AppData/Roaming/npm/node_modules/typescript/lib/lib.es2017.string.d.ts","c:/Users/raisa/AppData/Roaming/npm/node_modules/typescript/lib/lib.es2017.intl.d.ts","c:/Users/raisa/AppData/Roaming/npm/node_modules/typescript/lib/lib.es2017.typedarrays.d.ts","c:/Users/raisa/AppData/Roaming/npm/node_modules/typescript/lib/lib.es2018.asyncgenerator.d.ts","c:/Users/raisa/AppData/Roaming/npm/node_modules/typescript/lib/lib.es2018.asynciterable.d.ts","c:/Users/raisa/AppData/Roaming/npm/node_modules/typescript/lib/lib.es2018.intl.d.ts","c:/Users/raisa/AppData/Roaming/npm/node_modules/typescript/lib/lib.es2018.promise.d.ts","c:/Users/raisa/AppData/Roaming/npm/node_modules/typescript/lib/lib.es2018.regexp.d.ts","c:/Users/raisa/AppData/Roaming/npm/node_modules/typescript/lib/lib.es2019.array.d.ts","c:/Users/raisa/AppData/Roaming/npm/node_modules/typescript/lib/lib.es2019.object.d.ts","c:/Users/raisa/AppData/Roaming/npm/node_modules/typescript/lib/lib.es2019.string.d.ts","c:/Users/raisa/AppData/Roaming/npm/node_modules/typescript/lib/lib.es2019.symbol.d.ts","c:/Users/raisa/AppData/Roaming/npm/node_modules/typescript/lib/lib.es2020.bigint.d.ts","c:/Users/raisa/AppData/Roaming/npm/node_modules/typescript/lib/lib.es2020.promise.d.ts","c:/Users/raisa/AppData/Roaming/npm/node_modules/typescript/lib/lib.es2020.sharedmemory.d.ts","c:/Users/raisa/AppData/Roaming/npm/node_modules/typescript/lib/lib.es2020.string.d.ts","c:/Users/raisa/AppData/Roaming/npm/node_modules/typescript/lib/lib.es2020.symbol.wellknown.d.ts","c:/Users/raisa/AppData/Roaming/npm/node_modules/typescript/lib/lib.es2020.intl.d.ts","c:/Users/raisa/AppData/Roaming/npm/node_modules/typescript/lib/lib.es2021.promise.d.ts","c:/Users/raisa/AppData/Roaming/npm/node_modules/typescript/lib/lib.es2021.string.d.ts","c:/Users/raisa/AppData/Roaming/npm/node_modules/typescript/lib/lib.es2021.weakref.d.ts","c:/Users/raisa/AppData/Roaming/npm/node_modules/typescript/lib/lib.es2021.intl.d.ts","c:/Users/raisa/AppData/Roaming/npm/node_modules/typescript/lib/lib.es2022.array.d.ts","c:/Users/raisa/AppData/Roaming/npm/node_modules/typescript/lib/lib.es2022.error.d.ts","c:/Users/raisa/AppData/Roaming/npm/node_modules/typescript/lib/lib.es2022.object.d.ts","c:/Users/raisa/AppData/Roaming/npm/node_modules/typescript/lib/lib.es2022.string.d.ts","c:/Users/raisa/AppData/Roaming/npm/node_modules/typescript/lib/lib.esnext.intl.d.ts","c:/Interview/The Big Phone Store/todo/babel.config.js","c:/Interview/The Big Phone Store/todo/postcss.config.js","c:/Interview/The Big Phone Store/todo/tailwind.config.js","c:/Interview/The Big Phone Store/todo/vue.config.js","c:/Interview/The Big Phone Store/todo/src/store/index.js","c:/Interview/The Big Phone Store/todo/src/main.js"],"compilerOptions":{"allowJs":true,"maxNodeModuleJsDepth":2,"allowSyntheticDefaultImports":true,"skipLibCheck":true,"noEmit":true,"target":1,"module":99,"baseUrl":"c:/Interview/The Big Phone Store/todo","moduleResolution":2,"paths":{"@/*":["src/*"]},"lib":["lib.esnext.d.ts","lib.dom.d.ts","lib.dom.iterable.d.ts","lib.scripthost.d.ts"],"pathsBasePath":"c:/Interview/The Big Phone Store/todo","configFilePath":"c:/Interview/The Big Phone Store/todo/jsconfig.json","allowNonTsExtensions":true},"typeAcquisition":{"enable":true,"include":[],"exclude":[]},"unresolvedImports":["uuid"],"projectRootPath":"c:/Interview/The Big Phone Store/todo","kind":"discover"}
[12:35:56.098] Loaded safelist from types map file 'c:/users/raisa/appdata/roaming/npm/node_modules/typescript/lib/typesmap.json'
[12:35:56.099] Explicitly included types: []
[12:35:56.101] Typing names in 'c:/Interview/The Big Phone Store/todo/package.json' dependencies: ["@fortawesome/fontawesome-svg-core","@fortawesome/free-brands-svg-icons","@fortawesome/free-regular-svg-icons","@fortawesome/free-solid-svg-icons","@fortawesome/vue-fontawesome","core-js","uuid","vue","vuex","@babel/core","@babel/eslint-parser","@vue/cli-plugin-babel","@vue/cli-plugin-eslint","@vue/cli-service","autoprefixer","eslint","eslint-plugin-vue","postcss","tailwindcss","vue-template-compiler"]
[12:35:56.102] Searching for typing names in c:/Interview/The Big Phone Store/todo/node_modules; all files: ["c:/Interview/The Big Phone Store/todo/node_modules/@fortawesome/fontawesome-svg-core/package.json","c:/Interview/The Big Phone Store/todo/node_modules/@fortawesome/free-brands-svg-icons/package.json","c:/Interview/The Big Phone Store/todo/node_modules/@fortawesome/free-regular-svg-icons/package.json","c:/Interview/The Big Phone Store/todo/node_modules/@fortawesome/free-solid-svg-icons/package.json","c:/Interview/The Big Phone Store/todo/node_modules/@fortawesome/vue-fontawesome/package.json","c:/Interview/The Big Phone Store/todo/node_modules/core-js/package.json","c:/Interview/The Big Phone Store/todo/node_modules/uuid/package.json","c:/Interview/The Big Phone Store/todo/node_modules/vue/package.json","c:/Interview/The Big Phone Store/todo/node_modules/vuex/package.json","c:/Interview/The Big Phone Store/todo/node_modules/@babel/core/package.json","c:/Interview/The Big Phone Store/todo/node_modules/@babel/eslint-parser/package.json","c:/Interview/The Big Phone Store/todo/node_modules/@vue/cli-plugin-babel/package.json","c:/Interview/The Big Phone Store/todo/node_modules/@vue/cli-plugin-eslint/package.json","c:/Interview/The Big Phone Store/todo/node_modules/@vue/cli-service/package.json","c:/Interview/The Big Phone Store/todo/node_modules/autoprefixer/package.json","c:/Interview/The Big Phone Store/todo/node_modules/eslint/package.json","c:/Interview/The Big Phone Store/todo/node_modules/eslint-plugin-vue/package.json","c:/Interview/The Big Phone Store/todo/node_modules/postcss/package.json","c:/Interview/The Big Phone Store/todo/node_modules/tailwindcss/package.json","c:/Interview/The Big Phone Store/todo/node_modules/vue-template-compiler/package.json"]
[12:35:56.103]     Package '@fortawesome/fontawesome-svg-core' provides its own types.
[12:35:56.105]     Package '@fortawesome/free-brands-svg-icons' provides its own types.
[12:35:56.106]     Package '@fortawesome/free-regular-svg-icons' provides its own types.
[12:35:56.107]     Package '@fortawesome/free-solid-svg-icons' provides its own types.
[12:35:56.108]     Package '@fortawesome/vue-fontawesome' provides its own types.
[12:35:56.115]     Package 'vue' provides its own types.
[12:35:56.116]     Package 'vuex' provides its own types.
[12:35:56.124]     Package '@vue/cli-service' provides its own types.
[12:35:56.126]     Package 'autoprefixer' provides its own types.
[12:35:56.133]     Package 'postcss' provides its own types.
[12:35:56.136]     Package 'tailwindcss' provides its own types.
[12:35:56.139]     Package 'vue-template-compiler' provides its own types.
[12:35:56.140]     Found package names: ["core-js","uuid","@babel/core","@babel/eslint-parser","@vue/cli-plugin-babel","@vue/cli-plugin-eslint","eslint","eslint-plugin-vue"]
[12:35:56.141] Inferred typings from unresolved imports: ["uuid"]
[12:35:56.141] Result: {"cachedTypingPaths":["c:/Interview/The Big Phone Store/todo/node_modules/@fortawesome/fontawesome-svg-core/index.d.ts","c:/Interview/The Big Phone Store/todo/node_modules/@fortawesome/free-brands-svg-icons/index.d.ts","c:/Interview/The Big Phone Store/todo/node_modules/@fortawesome/free-regular-svg-icons/index.d.ts","c:/Interview/The Big Phone Store/todo/node_modules/@fortawesome/free-solid-svg-icons/index.d.ts","c:/Interview/The Big Phone Store/todo/node_modules/@fortawesome/vue-fontawesome/index.d.ts","c:/Interview/The Big Phone Store/todo/node_modules/vue/types/index.d.ts","c:/Interview/The Big Phone Store/todo/node_modules/vuex/types/index.d.ts","c:/Interview/The Big Phone Store/todo/node_modules/@vue/cli-service/types/index.d.ts","c:/Interview/The Big Phone Store/todo/node_modules/autoprefixer/lib/autoprefixer.d.ts","c:/Interview/The Big Phone Store/todo/node_modules/postcss/lib/postcss.d.ts","c:/Interview/The Big Phone Store/todo/node_modules/tailwindcss/types/index.d.ts","c:/Interview/The Big Phone Store/todo/node_modules/vue-template-compiler/types/index.d.ts"],"newTypingNames":["core-js","uuid","@babel/core","@babel/eslint-parser","@vue/cli-plugin-babel","@vue/cli-plugin-eslint","eslint","eslint-plugin-vue"],"filesToWatch":["c:/Interview/The Big Phone Store/todo/bower_components","c:/Interview/The Big Phone Store/todo/package.json","c:/Interview/The Big Phone Store/todo/node_modules","c:/Interview/The Big Phone Store/todo/src/store/bower_components","c:/Interview/The Big Phone Store/todo/src/store/node_modules","c:/Interview/The Big Phone Store/todo/src/bower_components","c:/Interview/The Big Phone Store/todo/src/node_modules"]}
[12:35:56.142] Finished typings discovery: {"cachedTypingPaths":["c:/Interview/The Big Phone Store/todo/node_modules/@fortawesome/fontawesome-svg-core/index.d.ts","c:/Interview/The Big Phone Store/todo/node_modules/@fortawesome/free-brands-svg-icons/index.d.ts","c:/Interview/The Big Phone Store/todo/node_modules/@fortawesome/free-regular-svg-icons/index.d.ts","c:/Interview/The Big Phone Store/todo/node_modules/@fortawesome/free-solid-svg-icons/index.d.ts","c:/Interview/The Big Phone Store/todo/node_modules/@fortawesome/vue-fontawesome/index.d.ts","c:/Interview/The Big Phone Store/todo/node_modules/vue/types/index.d.ts","c:/Interview/The Big Phone Store/todo/node_modules/vuex/types/index.d.ts","c:/Interview/The Big Phone Store/todo/node_modules/@vue/cli-service/types/index.d.ts","c:/Interview/The Big Phone Store/todo/node_modules/autoprefixer/lib/autoprefixer.d.ts","c:/Interview/The Big Phone Store/todo/node_modules/postcss/lib/postcss.d.ts","c:/Interview/The Big Phone Store/todo/node_modules/tailwindcss/types/index.d.ts","c:/Interview/The Big Phone Store/todo/node_modules/vue-template-compiler/types/index.d.ts"],"newTypingNames":["core-js","uuid","@babel/core","@babel/eslint-parser","@vue/cli-plugin-babel","@vue/cli-plugin-eslint","eslint","eslint-plugin-vue"],"filesToWatch":["c:/Interview/The Big Phone Store/todo/bower_components","c:/Interview/The Big Phone Store/todo/package.json","c:/Interview/The Big Phone Store/todo/node_modules","c:/Interview/The Big Phone Store/todo/src/store/bower_components","c:/Interview/The Big Phone Store/todo/src/store/node_modules","c:/Interview/The Big Phone Store/todo/src/bower_components","c:/Interview/The Big Phone Store/todo/src/node_modules"]}
[12:35:56.142] DirectoryWatcher:: Added:: WatchInfo: c:/Interview/The Big Phone Store/todo/bower_components
[12:35:56.143] DirectoryWatcher:: Added:: WatchInfo: c:/Interview/The Big Phone Store/todo/bower_components 1 undefined Project: c:/Interview/The Big Phone Store/todo/jsconfig.json watcher already invoked: false
[12:35:56.147] Elapsed:: 3.2034000009298325ms DirectoryWatcher:: Added:: WatchInfo: c:/Interview/The Big Phone Store/todo/bower_components 1 undefined Project: c:/Interview/The Big Phone Store/todo/jsconfig.json watcher already invoked: false
[12:35:56.149] FileWatcher:: Added:: WatchInfo: c:/Interview/The Big Phone Store/todo/package.json
[12:35:56.149] FileWatcher:: Added:: WatchInfo: c:/Interview/The Big Phone Store/todo/package.json 2000 undefined Project: c:/Interview/The Big Phone Store/todo/jsconfig.json watcher already invoked: false
[12:35:56.150] DirectoryWatcher:: Added:: WatchInfo: c:/Interview/The Big Phone Store/todo/node_modules
[12:35:56.150] DirectoryWatcher:: Added:: WatchInfo: c:/Interview/The Big Phone Store/todo/node_modules 1 undefined Project: c:/Interview/The Big Phone Store/todo/jsconfig.json watcher already invoked: false
[12:35:56.151] Elapsed:: 0.5542000085115433ms DirectoryWatcher:: Added:: WatchInfo: c:/Interview/The Big Phone Store/todo/node_modules 1 undefined Project: c:/Interview/The Big Phone Store/todo/jsconfig.json watcher already invoked: false
[12:35:56.151] DirectoryWatcher:: Added:: WatchInfo: c:/Interview/The Big Phone Store/todo/src
[12:35:56.151] DirectoryWatcher:: Added:: WatchInfo: c:/Interview/The Big Phone Store/todo/src 1 undefined Project: c:/Interview/The Big Phone Store/todo/jsconfig.json watcher already invoked: false
[12:35:56.152] Elapsed:: 0.577799990773201ms DirectoryWatcher:: Added:: WatchInfo: c:/Interview/The Big Phone Store/todo/src 1 undefined Project: c:/Interview/The Big Phone Store/todo/jsconfig.json watcher already invoked: false
[12:35:56.153] Installing typings ["core-js","uuid","@babel/core","@babel/eslint-parser","@vue/cli-plugin-babel","@vue/cli-plugin-eslint","eslint","eslint-plugin-vue"]
[12:35:56.154] '@babel/eslint-parser':: Entry for package 'babel__eslint-parser' does not exist in local types registry - skipping...
[12:35:56.154] '@vue/cli-plugin-babel':: Entry for package 'vue__cli-plugin-babel' does not exist in local types registry - skipping...
[12:35:56.154] '@vue/cli-plugin-eslint':: Entry for package 'vue__cli-plugin-eslint' does not exist in local types registry - skipping...
[12:35:56.154] 'eslint-plugin-vue':: Entry for package 'eslint-plugin-vue' does not exist in local types registry - skipping...
[12:35:56.155] Npm config file: C:/Users/raisa/AppData/Local/Microsoft/TypeScript/4.6/package.json
[12:35:56.155] Sending response:
    {"kind":"event::beginInstallTypes","eventId":1,"typingsInstallerVersion":"4.6.4","projectName":"c:/Interview/The Big Phone Store/todo/jsconfig.json"}
[12:35:56.156] Response has been sent.
[12:35:56.156] #1 with arguments'["@types/core-js@ts4.6","@types/uuid@ts4.6","@types/babel__core@ts4.6","@types/eslint@ts4.6"]'.
[12:35:56.157] Exec: "C:\Program Files\nodejs\npm" install --ignore-scripts @types/core-js@ts4.6 @types/uuid@ts4.6 @types/babel__core@ts4.6 @types/eslint@ts4.6 --save-dev --user-agent="typesInstaller/4.6.4"
[12:36:00.154]     Succeeded. stdout:
    
    added 3 packages, changed 5 packages, and audited 349 packages in 3s

20 packages are looking for funding
  run `npm fund` for details

2 high severity vulnerabilities

To address all issues, run:
  npm audit fix

Run `npm audit` for details.

[12:36:00.154] npm install #1 took: 3998 ms
[12:36:00.155] Installed typings ["@types/core-js@ts4.6","@types/uuid@ts4.6","@types/babel__core@ts4.6","@types/eslint@ts4.6"]
[12:36:00.160] Installed typing files ["C:/Users/raisa/AppData/Local/Microsoft/TypeScript/4.6/node_modules/@types/core-js/index.d.ts","C:/Users/raisa/AppData/Local/Microsoft/TypeScript/4.6/node_modules/@types/uuid/index.d.ts","C:/Users/raisa/AppData/Local/Microsoft/TypeScript/4.6/node_modules/@types/babel__core/index.d.ts","C:/Users/raisa/AppData/Local/Microsoft/TypeScript/4.6/node_modules/@types/eslint/index.d.ts"]
[12:36:00.160] Sending response:
    {"projectName":"c:/Interview/The Big Phone Store/todo/jsconfig.json","typeAcquisition":{"enable":true,"include":[],"exclude":[]},"compilerOptions":{"allowJs":true,"maxNodeModuleJsDepth":2,"allowSyntheticDefaultImports":true,"skipLibCheck":true,"noEmit":true,"target":1,"module":99,"baseUrl":"c:/Interview/The Big Phone Store/todo","moduleResolution":2,"paths":{"@/*":["src/*"]},"lib":["lib.esnext.d.ts","lib.dom.d.ts","lib.dom.iterable.d.ts","lib.scripthost.d.ts"],"pathsBasePath":"c:/Interview/The Big Phone Store/todo","configFilePath":"c:/Interview/The Big Phone Store/todo/jsconfig.json","allowNonTsExtensions":true},"typings":["c:/Interview/The Big Phone Store/todo/node_modules/@fortawesome/fontawesome-svg-core/index.d.ts","c:/Interview/The Big Phone Store/todo/node_modules/@fortawesome/free-brands-svg-icons/index.d.ts","c:/Interview/The Big Phone Store/todo/node_modules/@fortawesome/free-regular-svg-icons/index.d.ts","c:/Interview/The Big Phone Store/todo/node_modules/@fortawesome/free-solid-svg-icons/index.d.ts","c:/Interview/The Big Phone Store/todo/node_modules/@fortawesome/vue-fontawesome/index.d.ts","c:/Interview/The Big Phone Store/todo/node_modules/vue/types/index.d.ts","c:/Interview/The Big Phone Store/todo/node_modules/vuex/types/index.d.ts","c:/Interview/The Big Phone Store/todo/node_modules/@vue/cli-service/types/index.d.ts","c:/Interview/The Big Phone Store/todo/node_modules/autoprefixer/lib/autoprefixer.d.ts","c:/Interview/The Big Phone Store/todo/node_modules/postcss/lib/postcss.d.ts","c:/Interview/The Big Phone Store/todo/node_modules/tailwindcss/types/index.d.ts","c:/Interview/The Big Phone Store/todo/node_modules/vue-template-compiler/types/index.d.ts","C:/Users/raisa/AppData/Local/Microsoft/TypeScript/4.6/node_modules/@types/core-js/index.d.ts","C:/Users/raisa/AppData/Local/Microsoft/TypeScript/4.6/node_modules/@types/uuid/index.d.ts","C:/Users/raisa/AppData/Local/Microsoft/TypeScript/4.6/node_modules/@types/babel__core/index.d.ts","C:/Users/raisa/AppData/Local/Microsoft/TypeScript/4.6/node_modules/@types/eslint/index.d.ts"],"unresolvedImports":["uuid"],"kind":"action::set"}
[12:36:00.160] Response has been sent.
[12:36:00.161] Sending response:
    {"kind":"event::endInstallTypes","eventId":1,"projectName":"c:/Interview/The Big Phone Store/todo/jsconfig.json","packagesToInstall":["@types/core-js@ts4.6","@types/uuid@ts4.6","@types/babel__core@ts4.6","@types/eslint@ts4.6"],"installSuccess":true,"typingsInstallerVersion":"4.6.4"}
[12:36:00.161] Response has been sent.
[12:36:00.862] Got install request {"projectName":"c:/Interview/The Big Phone Store/todo/jsconfig.json","fileNames":["c:/Users/raisa/AppData/Roaming/npm/node_modules/typescript/lib/lib.es5.d.ts","c:/Users/raisa/AppData/Roaming/npm/node_modules/typescript/lib/lib.es2015.d.ts","c:/Users/raisa/AppData/Roaming/npm/node_modules/typescript/lib/lib.es2016.d.ts","c:/Users/raisa/AppData/Roaming/npm/node_modules/typescript/lib/lib.es2017.d.ts","c:/Users/raisa/AppData/Roaming/npm/node_modules/typescript/lib/lib.es2018.d.ts","c:/Users/raisa/AppData/Roaming/npm/node_modules/typescript/lib/lib.es2019.d.ts","c:/Users/raisa/AppData/Roaming/npm/node_modules/typescript/lib/lib.es2020.d.ts","c:/Users/raisa/AppData/Roaming/npm/node_modules/typescript/lib/lib.es2021.d.ts","c:/Users/raisa/AppData/Roaming/npm/node_modules/typescript/lib/lib.es2022.d.ts","c:/Users/raisa/AppData/Roaming/npm/node_modules/typescript/lib/lib.esnext.d.ts","c:/Users/raisa/AppData/Roaming/npm/node_modules/typescript/lib/lib.dom.d.ts","c:/Users/raisa/AppData/Roaming/npm/node_modules/typescript/lib/lib.dom.iterable.d.ts","c:/Users/raisa/AppData/Roaming/npm/node_modules/typescript/lib/lib.scripthost.d.ts","c:/Users/raisa/AppData/Roaming/npm/node_modules/typescript/lib/lib.es2015.core.d.ts","c:/Users/raisa/AppData/Roaming/npm/node_modules/typescript/lib/lib.es2015.collection.d.ts","c:/Users/raisa/AppData/Roaming/npm/node_modules/typescript/lib/lib.es2015.generator.d.ts","c:/Users/raisa/AppData/Roaming/npm/node_modules/typescript/lib/lib.es2015.iterable.d.ts","c:/Users/raisa/AppData/Roaming/npm/node_modules/typescript/lib/lib.es2015.promise.d.ts","c:/Users/raisa/AppData/Roaming/npm/node_modules/typescript/lib/lib.es2015.proxy.d.ts","c:/Users/raisa/AppData/Roaming/npm/node_modules/typescript/lib/lib.es2015.reflect.d.ts","c:/Users/raisa/AppData/Roaming/npm/node_modules/typescript/lib/lib.es2015.symbol.d.ts","c:/Users/raisa/AppData/Roaming/npm/node_modules/typescript/lib/lib.es2015.symbol.wellknown.d.ts","c:/Users/raisa/AppData/Roaming/npm/node_modules/typescript/lib/lib.es2016.array.include.d.ts","c:/Users/raisa/AppData/Roaming/npm/node_modules/typescript/lib/lib.es2017.object.d.ts","c:/Users/raisa/AppData/Roaming/npm/node_modules/typescript/lib/lib.es2017.sharedmemory.d.ts","c:/Users/raisa/AppData/Roaming/npm/node_modules/typescript/lib/lib.es2017.string.d.ts","c:/Users/raisa/AppData/Roaming/npm/node_modules/typescript/lib/lib.es2017.intl.d.ts","c:/Users/raisa/AppData/Roaming/npm/node_modules/typescript/lib/lib.es2017.typedarrays.d.ts","c:/Users/raisa/AppData/Roaming/npm/node_modules/typescript/lib/lib.es2018.asyncgenerator.d.ts","c:/Users/raisa/AppData/Roaming/npm/node_modules/typescript/lib/lib.es2018.asynciterable.d.ts","c:/Users/raisa/AppData/Roaming/npm/node_modules/typescript/lib/lib.es2018.intl.d.ts","c:/Users/raisa/AppData/Roaming/npm/node_modules/typescript/lib/lib.es2018.promise.d.ts","c:/Users/raisa/AppData/Roaming/npm/node_modules/typescript/lib/lib.es2018.regexp.d.ts","c:/Users/raisa/AppData/Roaming/npm/node_modules/typescript/lib/lib.es2019.array.d.ts","c:/Users/raisa/AppData/Roaming/npm/node_modules/typescript/lib/lib.es2019.object.d.ts","c:/Users/raisa/AppData/Roaming/npm/node_modules/typescript/lib/lib.es2019.string.d.ts","c:/Users/raisa/AppData/Roaming/npm/node_modules/typescript/lib/lib.es2019.symbol.d.ts","c:/Users/raisa/AppData/Roaming/npm/node_modules/typescript/lib/lib.es2020.bigint.d.ts","c:/Users/raisa/AppData/Roaming/npm/node_modules/typescript/lib/lib.es2020.promise.d.ts","c:/Users/raisa/AppData/Roaming/npm/node_modules/typescript/lib/lib.es2020.sharedmemory.d.ts","c:/Users/raisa/AppData/Roaming/npm/node_modules/typescript/lib/lib.es2020.string.d.ts","c:/Users/raisa/AppData/Roaming/npm/node_modules/typescript/lib/lib.es2020.symbol.wellknown.d.ts","c:/Users/raisa/AppData/Roaming/npm/node_modules/typescript/lib/lib.es2020.intl.d.ts","c:/Users/raisa/AppData/Roaming/npm/node_modules/typescript/lib/lib.es2021.promise.d.ts","c:/Users/raisa/AppData/Roaming/npm/node_modules/typescript/lib/lib.es2021.string.d.ts","c:/Users/raisa/AppData/Roaming/npm/node_modules/typescript/lib/lib.es2021.weakref.d.ts","c:/Users/raisa/AppData/Roaming/npm/node_modules/typescript/lib/lib.es2021.intl.d.ts","c:/Users/raisa/AppData/Roaming/npm/node_modules/typescript/lib/lib.es2022.array.d.ts","c:/Users/raisa/AppData/Roaming/npm/node_modules/typescript/lib/lib.es2022.error.d.ts","c:/Users/raisa/AppData/Roaming/npm/node_modules/typescript/lib/lib.es2022.object.d.ts","c:/Users/raisa/AppData/Roaming/npm/node_modules/typescript/lib/lib.es2022.string.d.ts","c:/Users/raisa/AppData/Roaming/npm/node_modules/typescript/lib/lib.esnext.intl.d.ts","c:/Interview/The Big Phone Store/todo/babel.config.js","c:/Interview/The Big Phone Store/todo/postcss.config.js","C:/Interview/The Big Phone Store/todo/node_modules/postcss/lib/postcss.d.ts","C:/Interview/The Big Phone Store/todo/node_modules/tailwindcss/types/index.d.ts","c:/Interview/The Big Phone Store/todo/tailwind.config.js","C:/Interview/The Big Phone Store/todo/node_modules/@vue/cli-service/types/index.d.ts","c:/Interview/The Big Phone Store/todo/vue.config.js","C:/Interview/The Big Phone Store/todo/node_modules/vue/types/index.d.ts","C:/Interview/The Big Phone Store/todo/node_modules/@fortawesome/fontawesome-svg-core/index.d.ts","C:/Interview/The Big Phone Store/todo/node_modules/@fortawesome/free-solid-svg-icons/index.d.ts","C:/Interview/The Big Phone Store/todo/node_modules/@fortawesome/vue-fontawesome/index.d.ts","C:/Interview/The Big Phone Store/todo/node_modules/vuex/types/index.d.ts","C:/Users/raisa/AppData/Local/Microsoft/TypeScript/4.6/node_modules/@types/uuid/index.d.ts","c:/Interview/The Big Phone Store/todo/src/store/index.js","c:/Interview/The Big Phone Store/todo/src/main.js","C:/Users/raisa/AppData/Local/Microsoft/TypeScript/4.6/node_modules/@types/babel__core/index.d.ts","C:/Users/raisa/AppData/Local/Microsoft/TypeScript/4.6/node_modules/@types/core-js/index.d.ts","C:/Users/raisa/AppData/Local/Microsoft/TypeScript/4.6/node_modules/@types/eslint/helpers.d.ts","C:/Users/raisa/AppData/Local/Microsoft/TypeScript/4.6/node_modules/@types/eslint/index.d.ts","c:/Interview/The Big Phone Store/todo/node_modules/@fortawesome/free-brands-svg-icons/index.d.ts","c:/Interview/The Big Phone Store/todo/node_modules/@fortawesome/free-regular-svg-icons/index.d.ts","c:/Interview/The Big Phone Store/todo/node_modules/autoprefixer/lib/autoprefixer.d.ts","c:/Interview/The Big Phone Store/todo/node_modules/vue-template-compiler/types/index.d.ts"],"compilerOptions":{"allowJs":true,"maxNodeModuleJsDepth":2,"allowSyntheticDefaultImports":true,"skipLibCheck":true,"noEmit":true,"target":1,"module":99,"baseUrl":"c:/Interview/The Big Phone Store/todo","moduleResolution":2,"paths":{"@/*":["src/*"]},"lib":["lib.esnext.d.ts","lib.dom.d.ts","lib.dom.iterable.d.ts","lib.scripthost.d.ts"],"pathsBasePath":"c:/Interview/The Big Phone Store/todo","configFilePath":"c:/Interview/The Big Phone Store/todo/jsconfig.json","allowNonTsExtensions":true},"typeAcquisition":{"enable":true,"include":[],"exclude":[]},"unresolvedImports":[],"projectRootPath":"c:/Interview/The Big Phone Store/todo","kind":"discover"}
[12:36:00.862] Explicitly included types: []
[12:36:00.863] Typing names in 'c:/Interview/The Big Phone Store/todo/package.json' dependencies: ["@fortawesome/fontawesome-svg-core","@fortawesome/free-brands-svg-icons","@fortawesome/free-regular-svg-icons","@fortawesome/free-solid-svg-icons","@fortawesome/vue-fontawesome","core-js","uuid","vue","vuex","@babel/core","@babel/eslint-parser","@vue/cli-plugin-babel","@vue/cli-plugin-eslint","@vue/cli-service","autoprefixer","eslint","eslint-plugin-vue","postcss","tailwindcss","vue-template-compiler"]
[12:36:00.864] Searching for typing names in c:/Interview/The Big Phone Store/todo/node_modules; all files: ["c:/Interview/The Big Phone Store/todo/node_modules/@fortawesome/fontawesome-svg-core/package.json","c:/Interview/The Big Phone Store/todo/node_modules/@fortawesome/free-brands-svg-icons/package.json","c:/Interview/The Big Phone Store/todo/node_modules/@fortawesome/free-regular-svg-icons/package.json","c:/Interview/The Big Phone Store/todo/node_modules/@fortawesome/free-solid-svg-icons/package.json","c:/Interview/The Big Phone Store/todo/node_modules/@fortawesome/vue-fontawesome/package.json","c:/Interview/The Big Phone Store/todo/node_modules/core-js/package.json","c:/Interview/The Big Phone Store/todo/node_modules/uuid/package.json","c:/Interview/The Big Phone Store/todo/node_modules/vue/package.json","c:/Interview/The Big Phone Store/todo/node_modules/vuex/package.json","c:/Interview/The Big Phone Store/todo/node_modules/@babel/core/package.json","c:/Interview/The Big Phone Store/todo/node_modules/@babel/eslint-parser/package.json","c:/Interview/The Big Phone Store/todo/node_modules/@vue/cli-plugin-babel/package.json","c:/Interview/The Big Phone Store/todo/node_modules/@vue/cli-plugin-eslint/package.json","c:/Interview/The Big Phone Store/todo/node_modules/@vue/cli-service/package.json","c:/Interview/The Big Phone Store/todo/node_modules/autoprefixer/package.json","c:/Interview/The Big Phone Store/todo/node_modules/eslint/package.json","c:/Interview/The Big Phone Store/todo/node_modules/eslint-plugin-vue/package.json","c:/Interview/The Big Phone Store/todo/node_modules/postcss/package.json","c:/Interview/The Big Phone Store/todo/node_modules/tailwindcss/package.json","c:/Interview/The Big Phone Store/todo/node_modules/vue-template-compiler/package.json"]
[12:36:00.865]     Package '@fortawesome/fontawesome-svg-core' provides its own types.
[12:36:00.866]     Package '@fortawesome/free-brands-svg-icons' provides its own types.
[12:36:00.866]     Package '@fortawesome/free-regular-svg-icons' provides its own types.
[12:36:00.867]     Package '@fortawesome/free-solid-svg-icons' provides its own types.
[12:36:00.867]     Package '@fortawesome/vue-fontawesome' provides its own types.
[12:36:00.870]     Package 'vue' provides its own types.
[12:36:00.873]     Package 'vuex' provides its own types.
[12:36:00.880]     Package '@vue/cli-service' provides its own types.
[12:36:00.882]     Package 'autoprefixer' provides its own types.
[12:36:00.890]     Package 'postcss' provides its own types.
[12:36:00.894]     Package 'tailwindcss' provides its own types.
[12:36:00.895]     Package 'vue-template-compiler' provides its own types.
[12:36:00.896]     Found package names: ["core-js","uuid","@babel/core","@babel/eslint-parser","@vue/cli-plugin-babel","@vue/cli-plugin-eslint","eslint","eslint-plugin-vue"]
[12:36:00.897] Inferred typings from unresolved imports: []
[12:36:00.900] Result: {"cachedTypingPaths":["c:/Interview/The Big Phone Store/todo/node_modules/@fortawesome/fontawesome-svg-core/index.d.ts","c:/Interview/The Big Phone Store/todo/node_modules/@fortawesome/free-brands-svg-icons/index.d.ts","c:/Interview/The Big Phone Store/todo/node_modules/@fortawesome/free-regular-svg-icons/index.d.ts","c:/Interview/The Big Phone Store/todo/node_modules/@fortawesome/free-solid-svg-icons/index.d.ts","c:/Interview/The Big Phone Store/todo/node_modules/@fortawesome/vue-fontawesome/index.d.ts","C:/Users/raisa/AppData/Local/Microsoft/TypeScript/4.6/node_modules/@types/core-js/index.d.ts","C:/Users/raisa/AppData/Local/Microsoft/TypeScript/4.6/node_modules/@types/uuid/index.d.ts","c:/Interview/The Big Phone Store/todo/node_modules/vue/types/index.d.ts","c:/Interview/The Big Phone Store/todo/node_modules/vuex/types/index.d.ts","c:/Interview/The Big Phone Store/todo/node_modules/@vue/cli-service/types/index.d.ts","c:/Interview/The Big Phone Store/todo/node_modules/autoprefixer/lib/autoprefixer.d.ts","C:/Users/raisa/AppData/Local/Microsoft/TypeScript/4.6/node_modules/@types/eslint/index.d.ts","c:/Interview/The Big Phone Store/todo/node_modules/postcss/lib/postcss.d.ts","c:/Interview/The Big Phone Store/todo/node_modules/tailwindcss/types/index.d.ts","c:/Interview/The Big Phone Store/todo/node_modules/vue-template-compiler/types/index.d.ts"],"newTypingNames":["@babel/core","@babel/eslint-parser","@vue/cli-plugin-babel","@vue/cli-plugin-eslint","eslint-plugin-vue"],"filesToWatch":["c:/Interview/The Big Phone Store/todo/bower_components","c:/Interview/The Big Phone Store/todo/package.json","c:/Interview/The Big Phone Store/todo/node_modules","c:/Interview/The Big Phone Store/todo/src/store/bower_components","c:/Interview/The Big Phone Store/todo/src/store/node_modules","c:/Interview/The Big Phone Store/todo/src/bower_components","c:/Interview/The Big Phone Store/todo/src/node_modules"]}
[12:36:00.900] Finished typings discovery: {"cachedTypingPaths":["c:/Interview/The Big Phone Store/todo/node_modules/@fortawesome/fontawesome-svg-core/index.d.ts","c:/Interview/The Big Phone Store/todo/node_modules/@fortawesome/free-brands-svg-icons/index.d.ts","c:/Interview/The Big Phone Store/todo/node_modules/@fortawesome/free-regular-svg-icons/index.d.ts","c:/Interview/The Big Phone Store/todo/node_modules/@fortawesome/free-solid-svg-icons/index.d.ts","c:/Interview/The Big Phone Store/todo/node_modules/@fortawesome/vue-fontawesome/index.d.ts","C:/Users/raisa/AppData/Local/Microsoft/TypeScript/4.6/node_modules/@types/core-js/index.d.ts","C:/Users/raisa/AppData/Local/Microsoft/TypeScript/4.6/node_modules/@types/uuid/index.d.ts","c:/Interview/The Big Phone Store/todo/node_modules/vue/types/index.d.ts","c:/Interview/The Big Phone Store/todo/node_modules/vuex/types/index.d.ts","c:/Interview/The Big Phone Store/todo/node_modules/@vue/cli-service/types/index.d.ts","c:/Interview/The Big Phone Store/todo/node_modules/autoprefixer/lib/autoprefixer.d.ts","C:/Users/raisa/AppData/Local/Microsoft/TypeScript/4.6/node_modules/@types/eslint/index.d.ts","c:/Interview/The Big Phone Store/todo/node_modules/postcss/lib/postcss.d.ts","c:/Interview/The Big Phone Store/todo/node_modules/tailwindcss/types/index.d.ts","c:/Interview/The Big Phone Store/todo/node_modules/vue-template-compiler/types/index.d.ts"],"newTypingNames":["@babel/core","@babel/eslint-parser","@vue/cli-plugin-babel","@vue/cli-plugin-eslint","eslint-plugin-vue"],"filesToWatch":["c:/Interview/The Big Phone Store/todo/bower_components","c:/Interview/The Big Phone Store/todo/package.json","c:/Interview/The Big Phone Store/todo/node_modules","c:/Interview/The Big Phone Store/todo/src/store/bower_components","c:/Interview/The Big Phone Store/todo/src/store/node_modules","c:/Interview/The Big Phone Store/todo/src/bower_components","c:/Interview/The Big Phone Store/todo/src/node_modules"]}
[12:36:00.900] Installing typings ["@babel/core","@babel/eslint-parser","@vue/cli-plugin-babel","@vue/cli-plugin-eslint","eslint-plugin-vue"]
[12:36:00.901] '@babel/core':: 'babel__core' already has an up-to-date typing - skipping...
[12:36:00.901] '@babel/eslint-parser':: Entry for package 'babel__eslint-parser' does not exist in local types registry - skipping...
[12:36:00.901] '@vue/cli-plugin-babel':: Entry for package 'vue__cli-plugin-babel' does not exist in local types registry - skipping...
[12:36:00.901] '@vue/cli-plugin-eslint':: Entry for package 'vue__cli-plugin-eslint' does not exist in local types registry - skipping...
[12:36:00.902] 'eslint-plugin-vue':: Entry for package 'eslint-plugin-vue' does not exist in local types registry - skipping...
[12:36:00.903] All typings are known to be missing or invalid - no need to install more typings
[12:36:00.904] Sending response:
    {"projectName":"c:/Interview/The Big Phone Store/todo/jsconfig.json","typeAcquisition":{"enable":true,"include":[],"exclude":[]},"compilerOptions":{"allowJs":true,"maxNodeModuleJsDepth":2,"allowSyntheticDefaultImports":true,"skipLibCheck":true,"noEmit":true,"target":1,"module":99,"baseUrl":"c:/Interview/The Big Phone Store/todo","moduleResolution":2,"paths":{"@/*":["src/*"]},"lib":["lib.esnext.d.ts","lib.dom.d.ts","lib.dom.iterable.d.ts","lib.scripthost.d.ts"],"pathsBasePath":"c:/Interview/The Big Phone Store/todo","configFilePath":"c:/Interview/The Big Phone Store/todo/jsconfig.json","allowNonTsExtensions":true},"typings":["c:/Interview/The Big Phone Store/todo/node_modules/@fortawesome/fontawesome-svg-core/index.d.ts","c:/Interview/The Big Phone Store/todo/node_modules/@fortawesome/free-brands-svg-icons/index.d.ts","c:/Interview/The Big Phone Store/todo/node_modules/@fortawesome/free-regular-svg-icons/index.d.ts","c:/Interview/The Big Phone Store/todo/node_modules/@fortawesome/free-solid-svg-icons/index.d.ts","c:/Interview/The Big Phone Store/todo/node_modules/@fortawesome/vue-fontawesome/index.d.ts","C:/Users/raisa/AppData/Local/Microsoft/TypeScript/4.6/node_modules/@types/core-js/index.d.ts","C:/Users/raisa/AppData/Local/Microsoft/TypeScript/4.6/node_modules/@types/uuid/index.d.ts","c:/Interview/The Big Phone Store/todo/node_modules/vue/types/index.d.ts","c:/Interview/The Big Phone Store/todo/node_modules/vuex/types/index.d.ts","c:/Interview/The Big Phone Store/todo/node_modules/@vue/cli-service/types/index.d.ts","c:/Interview/The Big Phone Store/todo/node_modules/autoprefixer/lib/autoprefixer.d.ts","C:/Users/raisa/AppData/Local/Microsoft/TypeScript/4.6/node_modules/@types/eslint/index.d.ts","c:/Interview/The Big Phone Store/todo/node_modules/postcss/lib/postcss.d.ts","c:/Interview/The Big Phone Store/todo/node_modules/tailwindcss/types/index.d.ts","c:/Interview/The Big Phone Store/todo/node_modules/vue-template-compiler/types/index.d.ts"],"unresolvedImports":[],"kind":"action::set"}
[12:36:00.904] Response has been sent.
[12:36:01.360] Got install request {"projectName":"c:/Interview/The Big Phone Store/todo/jsconfig.json","fileNames":["c:/Users/raisa/AppData/Roaming/npm/node_modules/typescript/lib/lib.es5.d.ts","c:/Users/raisa/AppData/Roaming/npm/node_modules/typescript/lib/lib.es2015.d.ts","c:/Users/raisa/AppData/Roaming/npm/node_modules/typescript/lib/lib.es2016.d.ts","c:/Users/raisa/AppData/Roaming/npm/node_modules/typescript/lib/lib.es2017.d.ts","c:/Users/raisa/AppData/Roaming/npm/node_modules/typescript/lib/lib.es2018.d.ts","c:/Users/raisa/AppData/Roaming/npm/node_modules/typescript/lib/lib.es2019.d.ts","c:/Users/raisa/AppData/Roaming/npm/node_modules/typescript/lib/lib.es2020.d.ts","c:/Users/raisa/AppData/Roaming/npm/node_modules/typescript/lib/lib.es2021.d.ts","c:/Users/raisa/AppData/Roaming/npm/node_modules/typescript/lib/lib.es2022.d.ts","c:/Users/raisa/AppData/Roaming/npm/node_modules/typescript/lib/lib.esnext.d.ts","c:/Users/raisa/AppData/Roaming/npm/node_modules/typescript/lib/lib.dom.d.ts","c:/Users/raisa/AppData/Roaming/npm/node_modules/typescript/lib/lib.dom.iterable.d.ts","c:/Users/raisa/AppData/Roaming/npm/node_modules/typescript/lib/lib.scripthost.d.ts","c:/Users/raisa/AppData/Roaming/npm/node_modules/typescript/lib/lib.es2015.core.d.ts","c:/Users/raisa/AppData/Roaming/npm/node_modules/typescript/lib/lib.es2015.collection.d.ts","c:/Users/raisa/AppData/Roaming/npm/node_modules/typescript/lib/lib.es2015.generator.d.ts","c:/Users/raisa/AppData/Roaming/npm/node_modules/typescript/lib/lib.es2015.iterable.d.ts","c:/Users/raisa/AppData/Roaming/npm/node_modules/typescript/lib/lib.es2015.promise.d.ts","c:/Users/raisa/AppData/Roaming/npm/node_modules/typescript/lib/lib.es2015.proxy.d.ts","c:/Users/raisa/AppData/Roaming/npm/node_modules/typescript/lib/lib.es2015.reflect.d.ts","c:/Users/raisa/AppData/Roaming/npm/node_modules/typescript/lib/lib.es2015.symbol.d.ts","c:/Users/raisa/AppData/Roaming/npm/node_modules/typescript/lib/lib.es2015.symbol.wellknown.d.ts","c:/Users/raisa/AppData/Roaming/npm/node_modules/typescript/lib/lib.es2016.array.include.d.ts","c:/Users/raisa/AppData/Roaming/npm/node_modules/typescript/lib/lib.es2017.object.d.ts","c:/Users/raisa/AppData/Roaming/npm/node_modules/typescript/lib/lib.es2017.sharedmemory.d.ts","c:/Users/raisa/AppData/Roaming/npm/node_modules/typescript/lib/lib.es2017.string.d.ts","c:/Users/raisa/AppData/Roaming/npm/node_modules/typescript/lib/lib.es2017.intl.d.ts","c:/Users/raisa/AppData/Roaming/npm/node_modules/typescript/lib/lib.es2017.typedarrays.d.ts","c:/Users/raisa/AppData/Roaming/npm/node_modules/typescript/lib/lib.es2018.asyncgenerator.d.ts","c:/Users/raisa/AppData/Roaming/npm/node_modules/typescript/lib/lib.es2018.asynciterable.d.ts","c:/Users/raisa/AppData/Roaming/npm/node_modules/typescript/lib/lib.es2018.intl.d.ts","c:/Users/raisa/AppData/Roaming/npm/node_modules/typescript/lib/lib.es2018.promise.d.ts","c:/Users/raisa/AppData/Roaming/npm/node_modules/typescript/lib/lib.es2018.regexp.d.ts","c:/Users/raisa/AppData/Roaming/npm/node_modules/typescript/lib/lib.es2019.array.d.ts","c:/Users/raisa/AppData/Roaming/npm/node_modules/typescript/lib/lib.es2019.object.d.ts","c:/Users/raisa/AppData/Roaming/npm/node_modules/typescript/lib/lib.es2019.string.d.ts","c:/Users/raisa/AppData/Roaming/npm/node_modules/typescript/lib/lib.es2019.symbol.d.ts","c:/Users/raisa/AppData/Roaming/npm/node_modules/typescript/lib/lib.es2020.bigint.d.ts","c:/Users/raisa/AppData/Roaming/npm/node_modules/typescript/lib/lib.es2020.promise.d.ts","c:/Users/raisa/AppData/Roaming/npm/node_modules/typescript/lib/lib.es2020.sharedmemory.d.ts","c:/Users/raisa/AppData/Roaming/npm/node_modules/typescript/lib/lib.es2020.string.d.ts","c:/Users/raisa/AppData/Roaming/npm/node_modules/typescript/lib/lib.es2020.symbol.wellknown.d.ts","c:/Users/raisa/AppData/Roaming/npm/node_modules/typescript/lib/lib.es2020.intl.d.ts","c:/Users/raisa/AppData/Roaming/npm/node_modules/typescript/lib/lib.es2021.promise.d.ts","c:/Users/raisa/AppData/Roaming/npm/node_modules/typescript/lib/lib.es2021.string.d.ts","c:/Users/raisa/AppData/Roaming/npm/node_modules/typescript/lib/lib.es2021.weakref.d.ts","c:/Users/raisa/AppData/Roaming/npm/node_modules/typescript/lib/lib.es2021.intl.d.ts","c:/Users/raisa/AppData/Roaming/npm/node_modules/typescript/lib/lib.es2022.array.d.ts","c:/Users/raisa/AppData/Roaming/npm/node_modules/typescript/lib/lib.es2022.error.d.ts","c:/Users/raisa/AppData/Roaming/npm/node_modules/typescript/lib/lib.es2022.object.d.ts","c:/Users/raisa/AppData/Roaming/npm/node_modules/typescript/lib/lib.es2022.string.d.ts","c:/Users/raisa/AppData/Roaming/npm/node_modules/typescript/lib/lib.esnext.intl.d.ts","c:/Interview/The Big Phone Store/todo/babel.config.js","c:/Interview/The Big Phone Store/todo/postcss.config.js","C:/Interview/The Big Phone Store/todo/node_modules/postcss/lib/postcss.d.ts","C:/Interview/The Big Phone Store/todo/node_modules/tailwindcss/types/index.d.ts","c:/Interview/The Big Phone Store/todo/tailwind.config.js","C:/Interview/The Big Phone Store/todo/node_modules/@vue/cli-service/types/index.d.ts","c:/Interview/The Big Phone Store/todo/vue.config.js","C:/Interview/The Big Phone Store/todo/node_modules/vue/types/index.d.ts","C:/Interview/The Big Phone Store/todo/node_modules/@fortawesome/fontawesome-svg-core/index.d.ts","C:/Interview/The Big Phone Store/todo/node_modules/@fortawesome/free-solid-svg-icons/index.d.ts","C:/Interview/The Big Phone Store/todo/node_modules/@fortawesome/vue-fontawesome/index.d.ts","C:/Interview/The Big Phone Store/todo/node_modules/vuex/types/index.d.ts","C:/Users/raisa/AppData/Local/Microsoft/TypeScript/4.6/node_modules/@types/uuid/index.d.ts","c:/Interview/The Big Phone Store/todo/src/store/index.js","c:/Interview/The Big Phone Store/todo/src/main.js","C:/Users/raisa/AppData/Local/Microsoft/TypeScript/4.6/node_modules/@types/core-js/index.d.ts","C:/Users/raisa/AppData/Local/Microsoft/TypeScript/4.6/node_modules/@types/eslint/helpers.d.ts","C:/Users/raisa/AppData/Local/Microsoft/TypeScript/4.6/node_modules/@types/eslint/index.d.ts","c:/Interview/The Big Phone Store/todo/node_modules/@fortawesome/free-brands-svg-icons/index.d.ts","c:/Interview/The Big Phone Store/todo/node_modules/@fortawesome/free-regular-svg-icons/index.d.ts","c:/Interview/The Big Phone Store/todo/node_modules/autoprefixer/lib/autoprefixer.d.ts","c:/Interview/The Big Phone Store/todo/node_modules/vue-template-compiler/types/index.d.ts"],"compilerOptions":{"allowJs":true,"maxNodeModuleJsDepth":2,"allowSyntheticDefaultImports":true,"skipLibCheck":true,"noEmit":true,"target":1,"module":99,"baseUrl":"c:/Interview/The Big Phone Store/todo","moduleResolution":2,"paths":{"@/*":["src/*"]},"lib":["lib.esnext.d.ts","lib.dom.d.ts","lib.dom.iterable.d.ts","lib.scripthost.d.ts"],"pathsBasePath":"c:/Interview/The Big Phone Store/todo","configFilePath":"c:/Interview/The Big Phone Store/todo/jsconfig.json","allowNonTsExtensions":true},"typeAcquisition":{"enable":true,"include":[],"exclude":[]},"unresolvedImports":[],"projectRootPath":"c:/Interview/The Big Phone Store/todo","kind":"discover"}
[12:36:01.360] Explicitly included types: []
[12:36:01.361] Typing names in 'c:/Interview/The Big Phone Store/todo/package.json' dependencies: ["@fortawesome/fontawesome-svg-core","@fortawesome/free-brands-svg-icons","@fortawesome/free-regular-svg-icons","@fortawesome/free-solid-svg-icons","@fortawesome/vue-fontawesome","core-js","uuid","vue","vuex","@babel/core","@babel/eslint-parser","@vue/cli-plugin-babel","@vue/cli-plugin-eslint","@vue/cli-service","autoprefixer","eslint","eslint-plugin-vue","postcss","tailwindcss","vue-template-compiler"]
[12:36:01.361] Searching for typing names in c:/Interview/The Big Phone Store/todo/node_modules; all files: ["c:/Interview/The Big Phone Store/todo/node_modules/@fortawesome/fontawesome-svg-core/package.json","c:/Interview/The Big Phone Store/todo/node_modules/@fortawesome/free-brands-svg-icons/package.json","c:/Interview/The Big Phone Store/todo/node_modules/@fortawesome/free-regular-svg-icons/package.json","c:/Interview/The Big Phone Store/todo/node_modules/@fortawesome/free-solid-svg-icons/package.json","c:/Interview/The Big Phone Store/todo/node_modules/@fortawesome/vue-fontawesome/package.json","c:/Interview/The Big Phone Store/todo/node_modules/core-js/package.json","c:/Interview/The Big Phone Store/todo/node_modules/uuid/package.json","c:/Interview/The Big Phone Store/todo/node_modules/vue/package.json","c:/Interview/The Big Phone Store/todo/node_modules/vuex/package.json","c:/Interview/The Big Phone Store/todo/node_modules/@babel/core/package.json","c:/Interview/The Big Phone Store/todo/node_modules/@babel/eslint-parser/package.json","c:/Interview/The Big Phone Store/todo/node_modules/@vue/cli-plugin-babel/package.json","c:/Interview/The Big Phone Store/todo/node_modules/@vue/cli-plugin-eslint/package.json","c:/Interview/The Big Phone Store/todo/node_modules/@vue/cli-service/package.json","c:/Interview/The Big Phone Store/todo/node_modules/autoprefixer/package.json","c:/Interview/The Big Phone Store/todo/node_modules/eslint/package.json","c:/Interview/The Big Phone Store/todo/node_modules/eslint-plugin-vue/package.json","c:/Interview/The Big Phone Store/todo/node_modules/postcss/package.json","c:/Interview/The Big Phone Store/todo/node_modules/tailwindcss/package.json","c:/Interview/The Big Phone Store/todo/node_modules/vue-template-compiler/package.json"]
[12:36:01.363]     Package '@fortawesome/fontawesome-svg-core' provides its own types.
[12:36:01.364]     Package '@fortawesome/free-brands-svg-icons' provides its own types.
[12:36:01.365]     Package '@fortawesome/free-regular-svg-icons' provides its own types.
[12:36:01.365]     Package '@fortawesome/free-solid-svg-icons' provides its own types.
[12:36:01.366]     Package '@fortawesome/vue-fontawesome' provides its own types.
[12:36:01.368]     Package 'vue' provides its own types.
[12:36:01.370]     Package 'vuex' provides its own types.
[12:36:01.373]     Package '@vue/cli-service' provides its own types.
[12:36:01.375]     Package 'autoprefixer' provides its own types.
[12:36:01.377]     Package 'postcss' provides its own types.
[12:36:01.378]     Package 'tailwindcss' provides its own types.
[12:36:01.382]     Package 'vue-template-compiler' provides its own types.
[12:36:01.383]     Found package names: ["core-js","uuid","@babel/core","@babel/eslint-parser","@vue/cli-plugin-babel","@vue/cli-plugin-eslint","eslint","eslint-plugin-vue"]
[12:36:01.383] Inferred typings from unresolved imports: []
[12:36:01.383] Result: {"cachedTypingPaths":["c:/Interview/The Big Phone Store/todo/node_modules/@fortawesome/fontawesome-svg-core/index.d.ts","c:/Interview/The Big Phone Store/todo/node_modules/@fortawesome/free-brands-svg-icons/index.d.ts","c:/Interview/The Big Phone Store/todo/node_modules/@fortawesome/free-regular-svg-icons/index.d.ts","c:/Interview/The Big Phone Store/todo/node_modules/@fortawesome/free-solid-svg-icons/index.d.ts","c:/Interview/The Big Phone Store/todo/node_modules/@fortawesome/vue-fontawesome/index.d.ts","C:/Users/raisa/AppData/Local/Microsoft/TypeScript/4.6/node_modules/@types/core-js/index.d.ts","C:/Users/raisa/AppData/Local/Microsoft/TypeScript/4.6/node_modules/@types/uuid/index.d.ts","c:/Interview/The Big Phone Store/todo/node_modules/vue/types/index.d.ts","c:/Interview/The Big Phone Store/todo/node_modules/vuex/types/index.d.ts","c:/Interview/The Big Phone Store/todo/node_modules/@vue/cli-service/types/index.d.ts","c:/Interview/The Big Phone Store/todo/node_modules/autoprefixer/lib/autoprefixer.d.ts","C:/Users/raisa/AppData/Local/Microsoft/TypeScript/4.6/node_modules/@types/eslint/index.d.ts","c:/Interview/The Big Phone Store/todo/node_modules/postcss/lib/postcss.d.ts","c:/Interview/The Big Phone Store/todo/node_modules/tailwindcss/types/index.d.ts","c:/Interview/The Big Phone Store/todo/node_modules/vue-template-compiler/types/index.d.ts"],"newTypingNames":["@babel/core","@babel/eslint-parser","@vue/cli-plugin-babel","@vue/cli-plugin-eslint","eslint-plugin-vue"],"filesToWatch":["c:/Interview/The Big Phone Store/todo/bower_components","c:/Interview/The Big Phone Store/todo/package.json","c:/Interview/The Big Phone Store/todo/node_modules","c:/Interview/The Big Phone Store/todo/src/store/bower_components","c:/Interview/The Big Phone Store/todo/src/store/node_modules","c:/Interview/The Big Phone Store/todo/src/bower_components","c:/Interview/The Big Phone Store/todo/src/node_modules"]}
[12:36:01.384] Finished typings discovery: {"cachedTypingPaths":["c:/Interview/The Big Phone Store/todo/node_modules/@fortawesome/fontawesome-svg-core/index.d.ts","c:/Interview/The Big Phone Store/todo/node_modules/@fortawesome/free-brands-svg-icons/index.d.ts","c:/Interview/The Big Phone Store/todo/node_modules/@fortawesome/free-regular-svg-icons/index.d.ts","c:/Interview/The Big Phone Store/todo/node_modules/@fortawesome/free-solid-svg-icons/index.d.ts","c:/Interview/The Big Phone Store/todo/node_modules/@fortawesome/vue-fontawesome/index.d.ts","C:/Users/raisa/AppData/Local/Microsoft/TypeScript/4.6/node_modules/@types/core-js/index.d.ts","C:/Users/raisa/AppData/Local/Microsoft/TypeScript/4.6/node_modules/@types/uuid/index.d.ts","c:/Interview/The Big Phone Store/todo/node_modules/vue/types/index.d.ts","c:/Interview/The Big Phone Store/todo/node_modules/vuex/types/index.d.ts","c:/Interview/The Big Phone Store/todo/node_modules/@vue/cli-service/types/index.d.ts","c:/Interview/The Big Phone Store/todo/node_modules/autoprefixer/lib/autoprefixer.d.ts","C:/Users/raisa/AppData/Local/Microsoft/TypeScript/4.6/node_modules/@types/eslint/index.d.ts","c:/Interview/The Big Phone Store/todo/node_modules/postcss/lib/postcss.d.ts","c:/Interview/The Big Phone Store/todo/node_modules/tailwindcss/types/index.d.ts","c:/Interview/The Big Phone Store/todo/node_modules/vue-template-compiler/types/index.d.ts"],"newTypingNames":["@babel/core","@babel/eslint-parser","@vue/cli-plugin-babel","@vue/cli-plugin-eslint","eslint-plugin-vue"],"filesToWatch":["c:/Interview/The Big Phone Store/todo/bower_components","c:/Interview/The Big Phone Store/todo/package.json","c:/Interview/The Big Phone Store/todo/node_modules","c:/Interview/The Big Phone Store/todo/src/store/bower_components","c:/Interview/The Big Phone Store/todo/src/store/node_modules","c:/Interview/The Big Phone Store/todo/src/bower_components","c:/Interview/The Big Phone Store/todo/src/node_modules"]}
[12:36:01.384] Installing typings ["@babel/core","@babel/eslint-parser","@vue/cli-plugin-babel","@vue/cli-plugin-eslint","eslint-plugin-vue"]
[12:36:01.385] '@babel/core':: 'babel__core' already has an up-to-date typing - skipping...
[12:36:01.386] '@babel/eslint-parser':: Entry for package 'babel__eslint-parser' does not exist in local types registry - skipping...
[12:36:01.386] '@vue/cli-plugin-babel':: Entry for package 'vue__cli-plugin-babel' does not exist in local types registry - skipping...
[12:36:01.387] '@vue/cli-plugin-eslint':: Entry for package 'vue__cli-plugin-eslint' does not exist in local types registry - skipping...
[12:36:01.387] 'eslint-plugin-vue':: Entry for package 'eslint-plugin-vue' does not exist in local types registry - skipping...
[12:36:01.388] All typings are known to be missing or invalid - no need to install more typings
[12:36:01.388] Sending response:
    {"projectName":"c:/Interview/The Big Phone Store/todo/jsconfig.json","typeAcquisition":{"enable":true,"include":[],"exclude":[]},"compilerOptions":{"allowJs":true,"maxNodeModuleJsDepth":2,"allowSyntheticDefaultImports":true,"skipLibCheck":true,"noEmit":true,"target":1,"module":99,"baseUrl":"c:/Interview/The Big Phone Store/todo","moduleResolution":2,"paths":{"@/*":["src/*"]},"lib":["lib.esnext.d.ts","lib.dom.d.ts","lib.dom.iterable.d.ts","lib.scripthost.d.ts"],"pathsBasePath":"c:/Interview/The Big Phone Store/todo","configFilePath":"c:/Interview/The Big Phone Store/todo/jsconfig.json","allowNonTsExtensions":true},"typings":["c:/Interview/The Big Phone Store/todo/node_modules/@fortawesome/fontawesome-svg-core/index.d.ts","c:/Interview/The Big Phone Store/todo/node_modules/@fortawesome/free-brands-svg-icons/index.d.ts","c:/Interview/The Big Phone Store/todo/node_modules/@fortawesome/free-regular-svg-icons/index.d.ts","c:/Interview/The Big Phone Store/todo/node_modules/@fortawesome/free-solid-svg-icons/index.d.ts","c:/Interview/The Big Phone Store/todo/node_modules/@fortawesome/vue-fontawesome/index.d.ts","C:/Users/raisa/AppData/Local/Microsoft/TypeScript/4.6/node_modules/@types/core-js/index.d.ts","C:/Users/raisa/AppData/Local/Microsoft/TypeScript/4.6/node_modules/@types/uuid/index.d.ts","c:/Interview/The Big Phone Store/todo/node_modules/vue/types/index.d.ts","c:/Interview/The Big Phone Store/todo/node_modules/vuex/types/index.d.ts","c:/Interview/The Big Phone Store/todo/node_modules/@vue/cli-service/types/index.d.ts","c:/Interview/The Big Phone Store/todo/node_modules/autoprefixer/lib/autoprefixer.d.ts","C:/Users/raisa/AppData/Local/Microsoft/TypeScript/4.6/node_modules/@types/eslint/index.d.ts","c:/Interview/The Big Phone Store/todo/node_modules/postcss/lib/postcss.d.ts","c:/Interview/The Big Phone Store/todo/node_modules/tailwindcss/types/index.d.ts","c:/Interview/The Big Phone Store/todo/node_modules/vue-template-compiler/types/index.d.ts"],"unresolvedImports":[],"kind":"action::set"}
[12:36:01.389] Response has been sent.
[12:36:56.852] DirectoryWatcher:: Triggered with c:/Interview/The Big Phone Store/todo/src/#App.vue# :: WatchInfo: c:/Interview/The Big Phone Store/todo/src 1 undefined Project: c:/Interview/The Big Phone Store/todo/jsconfig.json watcher already invoked: false
[12:36:56.854] Elapsed:: 0.171300008893013ms DirectoryWatcher:: Triggered with c:/Interview/The Big Phone Store/todo/src/#App.vue# :: WatchInfo: c:/Interview/The Big Phone Store/todo/src 1 undefined Project: c:/Interview/The Big Phone Store/todo/jsconfig.json watcher already invoked: false
[14:28:58.299] DirectoryWatcher:: Triggered with c:/Interview/The Big Phone Store/todo/src/store/#index.js# :: WatchInfo: c:/Interview/The Big Phone Store/todo/src 1 undefined Project: c:/Interview/The Big Phone Store/todo/jsconfig.json watcher already invoked: false
[14:28:58.304] Elapsed:: 0.10490000247955322ms DirectoryWatcher:: Triggered with c:/Interview/The Big Phone Store/todo/src/store/#index.js# :: WatchInfo: c:/Interview/The Big Phone Store/todo/src 1 undefined Project: c:/Interview/The Big Phone Store/todo/jsconfig.json watcher already invoked: false
